✅ Signed: ./.gitfield/bitbucket.sigil.md -> ./.gitfield/bitbucket.sigil.md.asc
✅ Signed: ./.gitfield/github.sigil.md -> ./.gitfield/github.sigil.md.asc
✅ Signed: ./.gitfield/gitlab.sigil.md -> ./.gitfield/gitlab.sigil.md.asc
✅ Signed: ./.gitfield/local.sigil.md -> ./.gitfield/local.sigil.md.asc
✅ Signed: ./.gitfield/radicle.sigil.md -> ./.gitfield/radicle.sigil.md.asc
✅ Signed: ./.gitfield/remember.sigil.md -> ./.gitfield/remember.sigil.md.asc
✅ Signed: ./bin/ECHO.md -> ./bin/ECHO.md.asc
✅ Signed: ./bin/SolariaSeedPacket_∞.20_SacredMomentEdition.md -> ./bin/SolariaSeedPacket_∞.20_SacredMomentEdition.md.asc
✅ Signed: ./docs/bitbucket/CLI-ONLY_workflow_bitbucket_ubuntu.md -> ./docs/bitbucket/CLI-ONLY_workflow_bitbucket_ubuntu.md.asc
✅ Signed: ./docs/generated_wiki.md -> ./docs/generated_wiki.md.asc
✅ Signed: ./docs/github/1_prerequisites_github_ubuntu.md -> ./docs/github/1_prerequisites_github_ubuntu.md.asc
✅ Signed: ./docs/github/2_create_remote_repo_github_ubuntu.md -> ./docs/github/2_create_remote_repo_github_ubuntu.md.asc
✅ Signed: ./docs/github/3_commit_existing_repo_github_ubuntu.md -> ./docs/github/3_commit_existing_repo_github_ubuntu.md.asc
✅ Signed: ./docs/github/CLI-ONLY_workflow_github_ubuntu.md -> ./docs/github/CLI-ONLY_workflow_github_ubuntu.md.asc
✅ Signed: ./docs/gitlab/1_prerequisites_gitlab_ubuntu.md -> ./docs/gitlab/1_prerequisites_gitlab_ubuntu.md.asc
✅ Signed: ./docs/gitlab/2_create_remote_repo_gitlab_ubuntu.md -> ./docs/gitlab/2_create_remote_repo_gitlab_ubuntu.md.asc
✅ Signed: ./docs/gitlab/3_commit_existing_repo_gitlab_ubuntu.md -> ./docs/gitlab/3_commit_existing_repo_gitlab_ubuntu.md.asc
✅ Signed: ./docs/gitlab/CLI-ONLY_workflow_gitlab_ubuntu.md -> ./docs/gitlab/CLI-ONLY_workflow_gitlab_ubuntu.md.asc
✅ Signed: ./docs/osf/old/for_radicle.md -> ./docs/osf/old/for_radicle.md.asc
✅ Signed: ./docs/radicle/for_radicle.md -> ./docs/radicle/for_radicle.md.asc
✅ Signed: ./GITFIELD.md -> ./GITFIELD.md.asc
✅ Signed: ./mythos/MYTHOS_INDEX.md -> ./mythos/MYTHOS_INDEX.md.asc
✅ Signed: ./mythos/scrolls/echo_pass_1.md -> ./mythos/scrolls/echo_pass_1.md.asc
✅ Signed: ./mythos/scrolls/echo_pass_2.md -> ./mythos/scrolls/echo_pass_2.md.asc
✅ Signed: ./mythos/scrolls/echo_pass_3.md -> ./mythos/scrolls/echo_pass_3.md.asc
✅ Signed: ./mythos/scrolls/echo_pass_4.md -> ./mythos/scrolls/echo_pass_4.md.asc
✅ Signed: ./mythos/scrolls/echo_pass_5.md -> ./mythos/scrolls/echo_pass_5.md.asc
✅ Signed: ./mythos/scrolls/echo_pass_6.md -> ./mythos/scrolls/echo_pass_6.md.asc
✅ Signed: ./mythos/scrolls/echo_pass_7.md -> ./mythos/scrolls/echo_pass_7.md.asc
✅ Signed: ./README.md -> ./README.md.asc
