[2025-06-05T20:55:58-05:00] [INFO] Validating /home/mrhavens/tmpwork/git-sigil/osf.yaml...
[2025-06-05T20:55:59-05:00] [INFO] Using existing OSF project ID: rnq6v
[2025-06-05T20:55:59-05:00] [INFO] Pushing wiki from /home/mrhavens/tmpwork/git-sigil/docs/generated_wiki.md
[2025-06-05T20:56:00-05:00] [ERROR] Failed to push wiki (HTTP 404)
[2025-06-05T20:56:00-05:00] [ERROR] Wiki push failed
[2025-06-05T20:57:20-05:00] [INFO] Validating /home/mrhavens/tmpwork/git-sigil/osf.yaml...
[2025-06-05T20:57:21-05:00] [INFO] Pushing wiki from /home/mrhavens/tmpwork/git-sigil/docs/generated_wiki.md
[2025-06-05T20:57:21-05:00] [ERROR] Failed to push wiki (HTTP 404)
[2025-06-05T20:57:21-05:00] [ERROR] Wiki push failed. Check logs: /home/mrhavens/tmpwork/git-sigil/.gitfield/logs/gitfield_wiki_20250605.log
[2025-06-05T20:58:12-05:00] [INFO] Validating /home/mrhavens/tmpwork/git-sigil/osf.yaml...
[2025-06-05T20:58:12-05:00] [INFO] Using existing OSF project ID: rnq6v
[2025-06-05T20:58:13-05:00] [INFO] Pushing wiki from /home/mrhavens/tmpwork/git-sigil/docs/generated_wiki.md
[2025-06-05T20:58:13-05:00] [ERROR] Failed to push wiki (HTTP 404)
[2025-06-05T20:58:13-05:00] [ERROR] Wiki push failed
[2025-06-05T21:03:17-05:00] [INFO] Validating /home/mrhavens/tmpwork/git-sigil/osf.yaml...
[2025-06-05T21:03:18-05:00] [INFO] Using existing OSF project ID: rnq6v
[2025-06-05T21:03:18-05:00] [INFO] Checking wiki settings for project rnq6v...
[2025-06-05T21:03:19-05:00] [INFO] Pushing wiki from /home/mrhavens/tmpwork/git-sigil/docs/generated_wiki.md
[2025-06-05T21:03:19-05:00] [INFO] Checking for existing wiki page...
[2025-06-05T21:03:19-05:00] [ERROR] Failed to check for wiki page (HTTP ): 
[2025-06-05T21:04:15-05:00] [INFO] Validating /home/mrhavens/tmpwork/git-sigil/osf.yaml...
[2025-06-05T21:04:15-05:00] [INFO] Using existing OSF project ID: rnq6v
[2025-06-05T21:04:16-05:00] [INFO] Checking wiki settings for project rnq6v...
[2025-06-05T21:04:16-05:00] [INFO] Pushing wiki from /home/mrhavens/tmpwork/git-sigil/docs/generated_wiki.md
[2025-06-05T21:04:16-05:00] [INFO] Checking for existing wiki page...
[2025-06-05T21:04:16-05:00] [ERROR] Failed to check for wiki page (HTTP ): 
[2025-06-05T21:08:37-05:00] [INFO] Validating /home/mrhavens/tmpwork/git-sigil/osf.yaml...
[2025-06-05T21:08:38-05:00] [INFO] Using existing OSF project ID: rnq6v
[2025-06-05T21:08:38-05:00] [INFO] Checking wiki settings for project rnq6v...
[2025-06-05T21:08:39-05:00] [INFO] Pushing wiki from /home/mrhavens/tmpwork/git-sigil/docs/generated_wiki.md
[2025-06-05T21:08:39-05:00] [INFO] Checking for existing wiki page...
[2025-06-05T21:08:39-05:00] [DEBUG] Executing curl: curl -s -w '\n%{http_code}' -o '/home/mrhavens/tmpwork/git-sigil/.gitfield/tmp_wiki.json' 'https://api.osf.io/v2/nodes/rnq6v/wikis/?filter[name]=home' -H 'Authorization: Bearer [REDACTED]'
[2025-06-05T21:08:39-05:00] [ERROR] Failed to check for wiki page: curl command failed (no HTTP code returned)
[2025-06-05T21:08:50-05:00] [INFO] Validating /home/mrhavens/tmpwork/git-sigil/osf.yaml...
[2025-06-05T21:08:51-05:00] [INFO] Using existing OSF project ID: rnq6v
[2025-06-05T21:08:51-05:00] [INFO] Checking wiki settings for project rnq6v...
[2025-06-05T21:08:52-05:00] [INFO] Pushing wiki from /home/mrhavens/tmpwork/git-sigil/docs/generated_wiki.md
[2025-06-05T21:08:52-05:00] [INFO] Checking for existing wiki page...
[2025-06-05T21:08:52-05:00] [DEBUG] Executing curl: curl -s -w '\n%{http_code}' -o '/home/mrhavens/tmpwork/git-sigil/.gitfield/tmp_wiki.json' 'https://api.osf.io/v2/nodes/rnq6v/wikis/?filter[name]=home' -H 'Authorization: Bearer [REDACTED]'
[2025-06-05T21:08:52-05:00] [ERROR] Failed to check for wiki page: curl command failed (no HTTP code returned)
[2025-06-05T21:16:56-05:00] [INFO] Using curl version: curl 8.5.0 (x86_64-pc-linux-gnu) libcurl/8.5.0 OpenSSL/3.0.13 zlib/1.3 brotli/1.1.0 zstd/1.5.5 libidn2/2.3.7 libpsl/0.21.2 (+libidn2/2.3.7) libssh/0.10.6/openssl/zlib nghttp2/1.59.0 librtmp/2.3 OpenLDAP/2.6.7
[2025-06-05T21:17:03-05:00] [INFO] Using curl version: curl 8.5.0 (x86_64-pc-linux-gnu) libcurl/8.5.0 OpenSSL/3.0.13 zlib/1.3 brotli/1.1.0 zstd/1.5.5 libidn2/2.3.7 libpsl/0.21.2 (+libidn2/2.3.7) libssh/0.10.6/openssl/zlib nghttp2/1.59.0 librtmp/2.3 OpenLDAP/2.6.7
[2025-06-05T21:17:03-05:00] [INFO] Validating /home/mrhavens/tmpwork/git-sigil/osf.yaml...
[2025-06-05T21:17:03-05:00] [DEBUG] OSF_TOKEN length: 70
[2025-06-05T21:17:04-05:00] [INFO] Using existing OSF project ID: rnq6v
[2025-06-05T21:17:04-05:00] [INFO] Checking wiki settings for project rnq6v...
[2025-06-05T21:17:05-05:00] [INFO] Pushing wiki from /home/mrhavens/tmpwork/git-sigil/docs/generated_wiki.md
[2025-06-05T21:17:05-05:00] [INFO] Checking for existing wiki page (attempt 1/3)...
[2025-06-05T21:17:05-05:00] [DEBUG] Executing curl: curl -s -w '\n%{http_code}' -o '/home/mrhavens/tmpwork/git-sigil/.gitfield/tmp_wiki.json' 'https://api.osf.io/v2/nodes/rnq6v/wikis/?filter[name]=home' -H 'Authorization: Bearer [REDACTED]'
[2025-06-05T21:17:05-05:00] [WARN] curl command failed (no HTTP code returned). Retrying in 5 seconds...
[2025-06-05T21:17:10-05:00] [INFO] Checking for existing wiki page (attempt 2/3)...
[2025-06-05T21:17:10-05:00] [DEBUG] Executing curl: curl -s -w '\n%{http_code}' -o '/home/mrhavens/tmpwork/git-sigil/.gitfield/tmp_wiki.json' 'https://api.osf.io/v2/nodes/rnq6v/wikis/?filter[name]=home' -H 'Authorization: Bearer [REDACTED]'
[2025-06-05T21:17:10-05:00] [WARN] curl command failed (no HTTP code returned). Retrying in 5 seconds...
[2025-06-05T21:17:15-05:00] [INFO] Checking for existing wiki page (attempt 3/3)...
[2025-06-05T21:17:15-05:00] [DEBUG] Executing curl: curl -s -w '\n%{http_code}' -o '/home/mrhavens/tmpwork/git-sigil/.gitfield/tmp_wiki.json' 'https://api.osf.io/v2/nodes/rnq6v/wikis/?filter[name]=home' -H 'Authorization: Bearer [REDACTED]'
[2025-06-05T21:17:15-05:00] [ERROR] Failed to check for wiki page: curl command failed (no HTTP code returned). Curl error: 
[2025-06-05T22:00:14-05:00] [INFO] Using curl version: curl 8.5.0 (x86_64-pc-linux-gnu) libcurl/8.5.0 OpenSSL/3.0.13 zlib/1.3 brotli/1.1.0 zstd/1.5.5 libidn2/2.3.7 libpsl/0.21.2 (+libidn2/2.3.7) libssh/0.10.6/openssl/zlib nghttp2/1.59.0 librtmp/2.3 OpenLDAP/2.6.7
[2025-06-05T22:00:22-05:00] [INFO] Using curl version: curl 8.5.0 (x86_64-pc-linux-gnu) libcurl/8.5.0 OpenSSL/3.0.13 zlib/1.3 brotli/1.1.0 zstd/1.5.5 libidn2/2.3.7 libpsl/0.21.2 (+libidn2/2.3.7) libssh/0.10.6/openssl/zlib nghttp2/1.59.0 librtmp/2.3 OpenLDAP/2.6.7
[2025-06-05T22:00:22-05:00] [INFO] Validating /home/mrhavens/tmpwork/git-sigil/osf.yaml...
[2025-06-05T22:00:22-05:00] [DEBUG] OSF_TOKEN length: 70
[2025-06-05T22:00:23-05:00] [INFO] Using existing OSF project ID: rnq6v
[2025-06-05T22:00:23-05:00] [INFO] Checking wiki settings for project rnq6v...
[2025-06-05T22:00:24-05:00] [INFO] Pushing wiki from /home/mrhavens/tmpwork/git-sigil/docs/generated_wiki.md
[2025-06-05T22:00:24-05:00] [INFO] Checking for existing wiki page (attempt 1/3)...
[2025-06-05T22:00:24-05:00] [DEBUG] Executing curl: curl -s -w '\n%{http_code}' -o '/home/mrhavens/tmpwork/git-sigil/.gitfield/tmp_wiki.json' 'https://api.osf.io/v2/nodes/rnq6v/wikis/?filter[name]=home' -H 'Authorization: Bearer [REDACTED]'
[2025-06-05T22:00:24-05:00] [WARN] curl command failed (no HTTP code returned). Retrying in 5 seconds...
[2025-06-05T22:00:29-05:00] [INFO] Checking for existing wiki page (attempt 2/3)...
[2025-06-05T22:00:29-05:00] [DEBUG] Executing curl: curl -s -w '\n%{http_code}' -o '/home/mrhavens/tmpwork/git-sigil/.gitfield/tmp_wiki.json' 'https://api.osf.io/v2/nodes/rnq6v/wikis/?filter[name]=home' -H 'Authorization: Bearer [REDACTED]'
[2025-06-05T22:00:29-05:00] [WARN] curl command failed (no HTTP code returned). Retrying in 5 seconds...
[2025-06-05T22:00:34-05:00] [INFO] Checking for existing wiki page (attempt 3/3)...
[2025-06-05T22:00:34-05:00] [DEBUG] Executing curl: curl -s -w '\n%{http_code}' -o '/home/mrhavens/tmpwork/git-sigil/.gitfield/tmp_wiki.json' 'https://api.osf.io/v2/nodes/rnq6v/wikis/?filter[name]=home' -H 'Authorization: Bearer [REDACTED]'
[2025-06-05T22:00:34-05:00] [ERROR] Failed to check for wiki page: curl command failed (no HTTP code returned). Curl error: 
[2025-06-05T22:01:36-05:00] [INFO] Using curl version: curl 8.5.0 (x86_64-pc-linux-gnu) libcurl/8.5.0 OpenSSL/3.0.13 zlib/1.3 brotli/1.1.0 zstd/1.5.5 libidn2/2.3.7 libpsl/0.21.2 (+libidn2/2.3.7) libssh/0.10.6/openssl/zlib nghttp2/1.59.0 librtmp/2.3 OpenLDAP/2.6.7
[2025-06-05T22:01:39-05:00] [INFO] Using curl version: curl 8.5.0 (x86_64-pc-linux-gnu) libcurl/8.5.0 OpenSSL/3.0.13 zlib/1.3 brotli/1.1.0 zstd/1.5.5 libidn2/2.3.7 libpsl/0.21.2 (+libidn2/2.3.7) libssh/0.10.6/openssl/zlib nghttp2/1.59.0 librtmp/2.3 OpenLDAP/2.6.7
[2025-06-05T22:01:39-05:00] [INFO] Validating /home/mrhavens/tmpwork/git-sigil/osf.yaml...
[2025-06-05T22:01:39-05:00] [DEBUG] OSF_TOKEN length: 70
[2025-06-05T22:01:39-05:00] [INFO] Using existing OSF project ID: rnq6v
[2025-06-05T22:01:40-05:00] [INFO] Checking wiki settings for project rnq6v...
[2025-06-05T22:01:41-05:00] [INFO] Pushing wiki from /home/mrhavens/tmpwork/git-sigil/docs/generated_wiki.md
[2025-06-05T22:01:41-05:00] [INFO] Checking for existing wiki page (attempt 1/3)...
[2025-06-05T22:01:41-05:00] [DEBUG] Executing curl: curl -s -w '\n%{http_code}' -o '/home/mrhavens/tmpwork/git-sigil/.gitfield/tmp_wiki.json' 'https://api.osf.io/v2/nodes/rnq6v/wikis/?filter[name]=home' -H 'Authorization: Bearer [REDACTED]'
[2025-06-05T22:01:41-05:00] [WARN] curl command failed (no HTTP code returned). Retrying in 5 seconds...
[2025-06-05T22:01:46-05:00] [INFO] Checking for existing wiki page (attempt 2/3)...
[2025-06-05T22:01:46-05:00] [DEBUG] Executing curl: curl -s -w '\n%{http_code}' -o '/home/mrhavens/tmpwork/git-sigil/.gitfield/tmp_wiki.json' 'https://api.osf.io/v2/nodes/rnq6v/wikis/?filter[name]=home' -H 'Authorization: Bearer [REDACTED]'
[2025-06-05T22:01:46-05:00] [WARN] curl command failed (no HTTP code returned). Retrying in 5 seconds...
[2025-06-05T22:01:51-05:00] [INFO] Checking for existing wiki page (attempt 3/3)...
[2025-06-05T22:01:51-05:00] [DEBUG] Executing curl: curl -s -w '\n%{http_code}' -o '/home/mrhavens/tmpwork/git-sigil/.gitfield/tmp_wiki.json' 'https://api.osf.io/v2/nodes/rnq6v/wikis/?filter[name]=home' -H 'Authorization: Bearer [REDACTED]'
[2025-06-05T22:01:51-05:00] [ERROR] Failed to check for wiki page: curl command failed (no HTTP code returned). Curl error: 
[2025-06-05T22:02:02-05:00] [INFO] Using curl version: curl 8.5.0 (x86_64-pc-linux-gnu) libcurl/8.5.0 OpenSSL/3.0.13 zlib/1.3 brotli/1.1.0 zstd/1.5.5 libidn2/2.3.7 libpsl/0.21.2 (+libidn2/2.3.7) libssh/0.10.6/openssl/zlib nghttp2/1.59.0 librtmp/2.3 OpenLDAP/2.6.7
[2025-06-05T22:02:02-05:00] [INFO] Validating /home/mrhavens/tmpwork/git-sigil/osf.yaml...
[2025-06-05T22:02:02-05:00] [DEBUG] OSF_TOKEN length: 70
[2025-06-05T22:02:03-05:00] [INFO] Using existing OSF project ID: rnq6v
[2025-06-05T22:02:03-05:00] [INFO] Checking wiki settings for project rnq6v...
[2025-06-05T22:02:04-05:00] [INFO] Pushing wiki from /home/mrhavens/tmpwork/git-sigil/docs/generated_wiki.md
[2025-06-05T22:02:04-05:00] [INFO] Checking for existing wiki page (attempt 1/3)...
[2025-06-05T22:02:04-05:00] [DEBUG] Executing curl: curl -s -w '\n%{http_code}' -o '/home/mrhavens/tmpwork/git-sigil/.gitfield/tmp_wiki.json' 'https://api.osf.io/v2/nodes/rnq6v/wikis/?filter[name]=home' -H 'Authorization: Bearer [REDACTED]'
[2025-06-05T22:02:04-05:00] [WARN] curl command failed (no HTTP code returned). Retrying in 5 seconds...
[2025-06-05T22:02:09-05:00] [INFO] Checking for existing wiki page (attempt 2/3)...
[2025-06-05T22:02:09-05:00] [DEBUG] Executing curl: curl -s -w '\n%{http_code}' -o '/home/mrhavens/tmpwork/git-sigil/.gitfield/tmp_wiki.json' 'https://api.osf.io/v2/nodes/rnq6v/wikis/?filter[name]=home' -H 'Authorization: Bearer [REDACTED]'
[2025-06-05T22:02:09-05:00] [WARN] curl command failed (no HTTP code returned). Retrying in 5 seconds...
[2025-06-05T22:02:14-05:00] [INFO] Checking for existing wiki page (attempt 3/3)...
[2025-06-05T22:02:14-05:00] [DEBUG] Executing curl: curl -s -w '\n%{http_code}' -o '/home/mrhavens/tmpwork/git-sigil/.gitfield/tmp_wiki.json' 'https://api.osf.io/v2/nodes/rnq6v/wikis/?filter[name]=home' -H 'Authorization: Bearer [REDACTED]'
[2025-06-05T22:02:14-05:00] [ERROR] Failed to check for wiki page: curl command failed (no HTTP code returned). Curl error: 
[2025-06-05T22:08:23-05:00] [INFO] Using curl version: curl 8.5.0 (x86_64-pc-linux-gnu) libcurl/8.5.0 OpenSSL/3.0.13 zlib/1.3 brotli/1.1.0 zstd/1.5.5 libidn2/2.3.7 libpsl/0.21.2 (+libidn2/2.3.7) libssh/0.10.6/openssl/zlib nghttp2/1.59.0 librtmp/2.3 OpenLDAP/2.6.7
[2025-06-05T22:08:27-05:00] [INFO] Using curl version: curl 8.5.0 (x86_64-pc-linux-gnu) libcurl/8.5.0 OpenSSL/3.0.13 zlib/1.3 brotli/1.1.0 zstd/1.5.5 libidn2/2.3.7 libpsl/0.21.2 (+libidn2/2.3.7) libssh/0.10.6/openssl/zlib nghttp2/1.59.0 librtmp/2.3 OpenLDAP/2.6.7
[2025-06-05T22:08:42-05:00] [INFO] Using curl version: curl 8.5.0 (x86_64-pc-linux-gnu) libcurl/8.5.0 OpenSSL/3.0.13 zlib/1.3 brotli/1.1.0 zstd/1.5.5 libidn2/2.3.7 libpsl/0.21.2 (+libidn2/2.3.7) libssh/0.10.6/openssl/zlib nghttp2/1.59.0 librtmp/2.3 OpenLDAP/2.6.7
[2025-06-05T22:08:42-05:00] [INFO] Validating /home/mrhavens/tmpwork/git-sigil/osf.yaml...
[2025-06-05T22:08:42-05:00] [DEBUG] OSF_TOKEN length: 70
[2025-06-05T22:08:42-05:00] [INFO] Using existing OSF project ID: rnq6v
[2025-06-05T22:08:43-05:00] [INFO] Checking wiki settings for project rnq6v...
[2025-06-05T22:08:44-05:00] [INFO] Pushing wiki from /home/mrhavens/tmpwork/git-sigil/docs/generated_wiki.md
[2025-06-05T22:08:44-05:00] [INFO] Checking for existing wiki page (attempt 1/3)...
[2025-06-05T22:08:44-05:00] [DEBUG] Executing curl: curl -s -w '\n%{http_code}' -o '/home/mrhavens/tmpwork/git-sigil/.gitfield/tmp_wiki.json' 'https://api.osf.io/v2/nodes/rnq6v/wikis/?filter%5Bname%5D%3Dhome' -H 'Authorization: Bearer [REDACTED]'
[2025-06-05T22:08:44-05:00] [INFO] No 'home' wiki page found
[2025-06-05T22:08:44-05:00] [INFO] Creating new wiki page 'home'...
[2025-06-05T22:08:45-05:00] [INFO] Wiki page 'home' created successfully
[2025-06-05T22:08:45-05:00] [INFO] Wiki push complete for project rnq6v
[2025-06-05T22:11:07-05:00] [INFO] Using curl version: curl 8.5.0 (x86_64-pc-linux-gnu) libcurl/8.5.0 OpenSSL/3.0.13 zlib/1.3 brotli/1.1.0 zstd/1.5.5 libidn2/2.3.7 libpsl/0.21.2 (+libidn2/2.3.7) libssh/0.10.6/openssl/zlib nghttp2/1.59.0 librtmp/2.3 OpenLDAP/2.6.7
[2025-06-05T22:11:10-05:00] [INFO] Using curl version: curl 8.5.0 (x86_64-pc-linux-gnu) libcurl/8.5.0 OpenSSL/3.0.13 zlib/1.3 brotli/1.1.0 zstd/1.5.5 libidn2/2.3.7 libpsl/0.21.2 (+libidn2/2.3.7) libssh/0.10.6/openssl/zlib nghttp2/1.59.0 librtmp/2.3 OpenLDAP/2.6.7
[2025-06-05T22:11:10-05:00] [INFO] Validating /home/mrhavens/tmpwork/git-sigil/osf.yaml...
[2025-06-05T22:11:10-05:00] [DEBUG] OSF_TOKEN length: 70
[2025-06-05T22:11:11-05:00] [INFO] Using existing OSF project ID: rnq6v
[2025-06-05T22:11:11-05:00] [INFO] Checking wiki settings for project rnq6v...
[2025-06-05T22:11:12-05:00] [INFO] Generating default wiki at /home/mrhavens/tmpwork/git-sigil/docs/generated_wiki.md...
[2025-06-05T22:11:13-05:00] [INFO] Default wiki generated at /home/mrhavens/tmpwork/git-sigil/docs/generated_wiki.md
[2025-06-05T22:11:13-05:00] [INFO] Pushing wiki from /home/mrhavens/tmpwork/git-sigil/docs/generated_wiki.md
[2025-06-05T22:11:13-05:00] [INFO] Checking for existing wiki page (attempt 1/3)...
[2025-06-05T22:11:13-05:00] [DEBUG] Executing curl: curl -s -w '\n%{http_code}' -o '/home/mrhavens/tmpwork/git-sigil/.gitfield/tmp_wiki.json' 'https://api.osf.io/v2/nodes/rnq6v/wikis/?filter%5Bname%5D%3Dhome' -H 'Authorization: Bearer [REDACTED]'
[2025-06-05T22:11:13-05:00] [INFO] Found existing wiki page 'home' (ID: xpuw5)
[2025-06-05T22:11:13-05:00] [ERROR] Failed to push wiki (HTTP 404): {"errors": [{"detail": "Not found."}]}
[2025-06-05T22:11:13-05:00] [ERROR] Wiki push failed
[2025-06-05T22:11:49-05:00] [INFO] Using curl version: curl 8.5.0 (x86_64-pc-linux-gnu) libcurl/8.5.0 OpenSSL/3.0.13 zlib/1.3 brotli/1.1.0 zstd/1.5.5 libidn2/2.3.7 libpsl/0.21.2 (+libidn2/2.3.7) libssh/0.10.6/openssl/zlib nghttp2/1.59.0 librtmp/2.3 OpenLDAP/2.6.7
[2025-06-05T22:11:54-05:00] [INFO] Using curl version: curl 8.5.0 (x86_64-pc-linux-gnu) libcurl/8.5.0 OpenSSL/3.0.13 zlib/1.3 brotli/1.1.0 zstd/1.5.5 libidn2/2.3.7 libpsl/0.21.2 (+libidn2/2.3.7) libssh/0.10.6/openssl/zlib nghttp2/1.59.0 librtmp/2.3 OpenLDAP/2.6.7
[2025-06-05T22:11:54-05:00] [INFO] Validating /home/mrhavens/tmpwork/git-sigil/osf.yaml...
[2025-06-05T22:11:54-05:00] [DEBUG] OSF_TOKEN length: 70
[2025-06-05T22:11:55-05:00] [INFO] Using existing OSF project ID: rnq6v
[2025-06-05T22:11:55-05:00] [INFO] Checking wiki settings for project rnq6v...
[2025-06-05T22:11:56-05:00] [INFO] Pushing wiki from /home/mrhavens/tmpwork/git-sigil/docs/generated_wiki.md
[2025-06-05T22:11:56-05:00] [INFO] Checking for existing wiki page (attempt 1/3)...
[2025-06-05T22:11:56-05:00] [DEBUG] Executing curl: curl -s -w '\n%{http_code}' -o '/home/mrhavens/tmpwork/git-sigil/.gitfield/tmp_wiki.json' 'https://api.osf.io/v2/nodes/rnq6v/wikis/?filter%5Bname%5D%3Dhome' -H 'Authorization: Bearer [REDACTED]'
[2025-06-05T22:11:56-05:00] [INFO] Found existing wiki page 'home' (ID: xpuw5)
[2025-06-05T22:11:57-05:00] [ERROR] Failed to push wiki (HTTP 404): {"errors": [{"detail": "Not found."}]}
[2025-06-05T22:11:57-05:00] [ERROR] Wiki push failed
[2025-06-05T22:16:57-05:00] [INFO] Using curl version: curl 8.5.0 (x86_64-pc-linux-gnu) libcurl/8.5.0 OpenSSL/3.0.13 zlib/1.3 brotli/1.1.0 zstd/1.5.5 libidn2/2.3.7 libpsl/0.21.2 (+libidn2/2.3.7) libssh/0.10.6/openssl/zlib nghttp2/1.59.0 librtmp/2.3 OpenLDAP/2.6.7
[2025-06-05T22:17:05-05:00] [INFO] Using curl version: curl 8.5.0 (x86_64-pc-linux-gnu) libcurl/8.5.0 OpenSSL/3.0.13 zlib/1.3 brotli/1.1.0 zstd/1.5.5 libidn2/2.3.7 libpsl/0.21.2 (+libidn2/2.3.7) libssh/0.10.6/openssl/zlib nghttp2/1.59.0 librtmp/2.3 OpenLDAP/2.6.7
[2025-06-05T22:17:05-05:00] [INFO] Validating /home/mrhavens/tmpwork/git-sigil/osf.yaml...
[2025-06-05T22:17:06-05:00] [DEBUG] OSF_TOKEN length: 70
[2025-06-05T22:17:07-05:00] [INFO] Using existing OSF project ID: rnq6v
[2025-06-05T22:17:08-05:00] [INFO] Checking wiki settings for project rnq6v...
[2025-06-05T22:17:09-05:00] [INFO] Generating default wiki at /home/mrhavens/tmpwork/git-sigil/docs/generated_wiki.md...
[2025-06-05T22:17:12-05:00] [INFO] Default wiki generated at /home/mrhavens/tmpwork/git-sigil/docs/generated_wiki.md
[2025-06-05T22:17:12-05:00] [INFO] Checking for existing wiki page (attempt 1/3)...
[2025-06-05T22:17:12-05:00] [DEBUG] Executing curl: curl -s -w '\n%{http_code}' -o '/home/mrhavens/tmpwork/git-sigil/.gitfield/tmp_wiki.json' 'https://api.osf.io/v2/nodes/rnq6v/wikis/?filter%5Bname%5D%3Dhome' -H 'Authorization: Bearer [REDACTED]'
[2025-06-05T22:17:13-05:00] [INFO] Found existing wiki page 'home' (ID: xpuw5)
[2025-06-05T22:17:13-05:00] [INFO] Pushing wiki from /home/mrhavens/tmpwork/git-sigil/docs/generated_wiki.md
[2025-06-05T22:17:13-05:00] [INFO] Updating existing wiki page with ID xpuw5
[2025-06-05T22:17:14-05:00] [ERROR] Failed to update wiki (HTTP 400): {"errors":[{"detail":"Cannot rename wiki home page"}],"meta":{"version":"2.0"}}
[2025-06-05T22:17:14-05:00] [ERROR] Wiki push failed
[2025-06-05T22:30:44-05:00] [INFO] Using curl version: curl 8.5.0 (x86_64-pc-linux-gnu) libcurl/8.5.0 OpenSSL/3.0.13 zlib/1.3 brotli/1.1.0 zstd/1.5.5 libidn2/2.3.7 libpsl/0.21.2 (+libidn2/2.3.7) libssh/0.10.6/openssl/zlib nghttp2/1.59.0 librtmp/2.3 OpenLDAP/2.6.7
[2025-06-05T22:30:48-05:00] [INFO] Using curl version: curl 8.5.0 (x86_64-pc-linux-gnu) libcurl/8.5.0 OpenSSL/3.0.13 zlib/1.3 brotli/1.1.0 zstd/1.5.5 libidn2/2.3.7 libpsl/0.21.2 (+libidn2/2.3.7) libssh/0.10.6/openssl/zlib nghttp2/1.59.0 librtmp/2.3 OpenLDAP/2.6.7
[2025-06-05T22:30:48-05:00] [INFO] Validating /home/mrhavens/tmpwork/git-sigil/osf.yaml...
[2025-06-05T22:30:49-05:00] [DEBUG] OSF_TOKEN length: 70
[2025-06-05T22:30:49-05:00] [INFO] Using existing OSF project ID: rnq6v
[2025-06-05T22:30:50-05:00] [INFO] Checking wiki settings for project rnq6v...
[2025-06-05T22:30:50-05:00] [INFO] Generating default wiki at /home/mrhavens/tmpwork/git-sigil/docs/generated_wiki.md...
[2025-06-05T22:30:51-05:00] [INFO] Default wiki generated at /home/mrhavens/tmpwork/git-sigil/docs/generated_wiki.md
[2025-06-05T22:30:51-05:00] [INFO] Checking for existing wiki page (attempt 1/3)...
[2025-06-05T22:30:51-05:00] [DEBUG] Executing curl: curl -s -w '\n%{http_code}' -o '/home/mrhavens/tmpwork/git-sigil/.gitfield/tmp_wiki.json' 'https://api.osf.io/v2/nodes/rnq6v/wikis/?filter%5Bname%5D%3Dhome' -H 'Authorization: Bearer [REDACTED]'
[2025-06-05T22:30:51-05:00] [INFO] Found existing wiki page 'home' (ID: xpuw5)
[2025-06-05T22:30:51-05:00] [INFO] Pushing wiki from /home/mrhavens/tmpwork/git-sigil/docs/generated_wiki.md
[2025-06-05T22:30:51-05:00] [INFO] Updating existing wiki page with ID xpuw5
[2025-06-05T22:30:52-05:00] [ERROR] Failed to update wiki (HTTP 400): {"errors":[{"detail":"Cannot rename wiki home page"}],"meta":{"version":"2.0"}}
[2025-06-05T22:30:52-05:00] [ERROR] Wiki push failed
[2025-06-05T22:30:57-05:00] [INFO] Using curl version: curl 8.5.0 (x86_64-pc-linux-gnu) libcurl/8.5.0 OpenSSL/3.0.13 zlib/1.3 brotli/1.1.0 zstd/1.5.5 libidn2/2.3.7 libpsl/0.21.2 (+libidn2/2.3.7) libssh/0.10.6/openssl/zlib nghttp2/1.59.0 librtmp/2.3 OpenLDAP/2.6.7
[2025-06-05T22:31:13-05:00] [INFO] Using curl version: curl 8.5.0 (x86_64-pc-linux-gnu) libcurl/8.5.0 OpenSSL/3.0.13 zlib/1.3 brotli/1.1.0 zstd/1.5.5 libidn2/2.3.7 libpsl/0.21.2 (+libidn2/2.3.7) libssh/0.10.6/openssl/zlib nghttp2/1.59.0 librtmp/2.3 OpenLDAP/2.6.7
[2025-06-05T22:31:13-05:00] [INFO] Validating /home/mrhavens/tmpwork/git-sigil/osf.yaml...
[2025-06-05T22:31:13-05:00] [DEBUG] OSF_TOKEN length: 70
[2025-06-05T22:31:14-05:00] [INFO] Using existing OSF project ID: rnq6v
[2025-06-05T22:31:14-05:00] [INFO] Checking wiki settings for project rnq6v...
[2025-06-05T22:31:15-05:00] [INFO] Generating default wiki at /home/mrhavens/tmpwork/git-sigil/docs/generated_wiki.md...
[2025-06-05T22:31:16-05:00] [INFO] Default wiki generated at /home/mrhavens/tmpwork/git-sigil/docs/generated_wiki.md
[2025-06-05T22:31:16-05:00] [INFO] Checking for existing wiki page (attempt 1/3)...
[2025-06-05T22:31:16-05:00] [DEBUG] Executing curl: curl -s -w '\n%{http_code}' -o '/home/mrhavens/tmpwork/git-sigil/.gitfield/tmp_wiki.json' 'https://api.osf.io/v2/nodes/rnq6v/wikis/?filter%5Bname%5D%3Dhome' -H 'Authorization: Bearer [REDACTED]'
[2025-06-05T22:31:16-05:00] [INFO] Found existing wiki page 'home' (ID: xpuw5)
[2025-06-05T22:31:16-05:00] [INFO] Pushing wiki from /home/mrhavens/tmpwork/git-sigil/docs/generated_wiki.md
[2025-06-05T22:31:16-05:00] [INFO] Deleting existing wiki page with ID xpuw5...
[2025-06-05T22:31:16-05:00] [ERROR] Failed to delete wiki page (HTTP 400)
[2025-06-05T22:44:58-05:00] [INFO] Using curl version: curl 8.5.0 (x86_64-pc-linux-gnu) libcurl/8.5.0 OpenSSL/3.0.13 zlib/1.3 brotli/1.1.0 zstd/1.5.5 libidn2/2.3.7 libpsl/0.21.2 (+libidn2/2.3.7) libssh/0.10.6/openssl/zlib nghttp2/1.59.0 librtmp/2.3 OpenLDAP/2.6.7
[2025-06-05T22:45:17-05:00] [INFO] Using curl version: curl 8.5.0 (x86_64-pc-linux-gnu) libcurl/8.5.0 OpenSSL/3.0.13 zlib/1.3 brotli/1.1.0 zstd/1.5.5 libidn2/2.3.7 libpsl/0.21.2 (+libidn2/2.3.7) libssh/0.10.6/openssl/zlib nghttp2/1.59.0 librtmp/2.3 OpenLDAP/2.6.7
[2025-06-05T22:45:17-05:00] [INFO] Validating /home/mrhavens/tmpwork/git-sigil/osf.yaml...
[2025-06-05T22:45:17-05:00] [DEBUG] OSF_TOKEN length: 70
[2025-06-05T22:45:18-05:00] [INFO] Using existing OSF project ID: rnq6v
[2025-06-05T22:45:19-05:00] [INFO] Checking wiki settings for project rnq6v...
[2025-06-05T22:45:19-05:00] [INFO] Generating default wiki at /home/mrhavens/tmpwork/git-sigil/docs/generated_wiki.md...
[2025-06-05T22:45:20-05:00] [INFO] Default wiki generated at /home/mrhavens/tmpwork/git-sigil/docs/generated_wiki.md
[2025-06-05T22:45:20-05:00] [INFO] Checking for existing wiki page 'home' (attempt 1/3)...
[2025-06-05T22:45:20-05:00] [DEBUG] Executing curl: curl -s -w '\n%{http_code}' -o '/home/mrhavens/tmpwork/git-sigil/.gitfield/tmp_wiki.json' 'https://api.osf.io/v2/nodes/rnq6v/wikis/?filter%5Bname%5D%3Dhome' -H 'Authorization: Bearer [REDACTED]'
[2025-06-05T22:45:20-05:00] [INFO] Found existing wiki page 'home' (ID: xpuw5)
[2025-06-05T22:45:20-05:00] [INFO] Pushing wiki from /home/mrhavens/tmpwork/git-sigil/docs/generated_wiki.md as 'home'
[2025-06-05T22:45:20-05:00] [INFO] Wiki page 'home' already exists (ID: xpuw5). Use --force to delete and recreate.
[2025-06-05T22:45:20-05:00] [INFO] Wiki push complete for project rnq6v
[2025-06-05T22:47:13-05:00] [INFO] Using curl version: curl 8.5.0 (x86_64-pc-linux-gnu) libcurl/8.5.0 OpenSSL/3.0.13 zlib/1.3 brotli/1.1.0 zstd/1.5.5 libidn2/2.3.7 libpsl/0.21.2 (+libidn2/2.3.7) libssh/0.10.6/openssl/zlib nghttp2/1.59.0 librtmp/2.3 OpenLDAP/2.6.7
[2025-06-05T22:47:18-05:00] [INFO] Using curl version: curl 8.5.0 (x86_64-pc-linux-gnu) libcurl/8.5.0 OpenSSL/3.0.13 zlib/1.3 brotli/1.1.0 zstd/1.5.5 libidn2/2.3.7 libpsl/0.21.2 (+libidn2/2.3.7) libssh/0.10.6/openssl/zlib nghttp2/1.59.0 librtmp/2.3 OpenLDAP/2.6.7
[2025-06-05T22:47:18-05:00] [INFO] Validating /home/mrhavens/tmpwork/git-sigil/osf.yaml...
[2025-06-05T22:47:18-05:00] [DEBUG] OSF_TOKEN length: 70
[2025-06-05T22:47:18-05:00] [INFO] Using existing OSF project ID: rnq6v
[2025-06-05T22:47:19-05:00] [INFO] Checking wiki settings for project rnq6v...
[2025-06-05T22:47:20-05:00] [INFO] Generating default wiki at /home/mrhavens/tmpwork/git-sigil/docs/generated_wiki.md...
[2025-06-05T22:47:20-05:00] [INFO] Default wiki generated at /home/mrhavens/tmpwork/git-sigil/docs/generated_wiki.md
[2025-06-05T22:47:20-05:00] [INFO] Checking for existing wiki page 'home' (attempt 1/3)...
[2025-06-05T22:47:20-05:00] [DEBUG] Executing curl: curl -s -w '\n%{http_code}' -o '/home/mrhavens/tmpwork/git-sigil/.gitfield/tmp_wiki.json' 'https://api.osf.io/v2/nodes/rnq6v/wikis/?filter%5Bname%5D%3Dhome' -H 'Authorization: Bearer [REDACTED]'
[2025-06-05T22:47:21-05:00] [INFO] Found existing wiki page 'home' (ID: xpuw5)
[2025-06-05T22:47:21-05:00] [INFO] Pushing wiki from /home/mrhavens/tmpwork/git-sigil/docs/generated_wiki.md as 'home'
[2025-06-05T22:47:21-05:00] [INFO] Deleting existing wiki page with ID xpuw5...
[2025-06-05T22:47:22-05:00] [ERROR] Failed to delete wiki page (HTTP 400): {"data":{"id":"xpuw5","type":"wikis","attributes":{"name":"home","kind":"file","size":3060,"path":"/xpuw5","materialized_path":"/xpuw5","date_modified":"2025-06-06T03:08:45.036509","content_type":"text/markdown","current_user_can_comment":true,"extra":{"version":1}},"relationships":{"user":{"links":{"related":{"href":"https://api.osf.io/v2/users/6h3cg/","meta":{}}},"data":{"id":"6h3cg","type":"users"}},"node":{"links":{"related":{"href":"https://api.osf.io/v2/nodes/rnq6v/","meta":{}}},"data":{"id":"rnq6v","type":"nodes"}},"comments":{"links":{"related":{"href":"https://api.osf.io/v2/nodes/rnq6v/comments/?filter%5Btarget%5D=xpuw5","meta":{}}}},"versions":{"links":{"related":{"href":"https://api.osf.io/v2/wikis/xpuw5/versions/","meta":{}}}}},"links":{"info":"https://api.osf.io/v2/wikis/xpuw5/","download":"https://api.osf.io/v2/wikis/xpuw5/content/","self":"https://api.osf.io/v2/wikis/xpuw5/","iri":"https://osf.io/xpuw5"}},"meta":{"version":"2.0"}}
[2025-06-05T22:47:31-05:00] [INFO] Using curl version: curl 8.5.0 (x86_64-pc-linux-gnu) libcurl/8.5.0 OpenSSL/3.0.13 zlib/1.3 brotli/1.1.0 zstd/1.5.5 libidn2/2.3.7 libpsl/0.21.2 (+libidn2/2.3.7) libssh/0.10.6/openssl/zlib nghttp2/1.59.0 librtmp/2.3 OpenLDAP/2.6.7
[2025-06-05T22:47:31-05:00] [INFO] Validating /home/mrhavens/tmpwork/git-sigil/osf.yaml...
[2025-06-05T22:47:32-05:00] [DEBUG] OSF_TOKEN length: 70
[2025-06-05T22:47:32-05:00] [INFO] Using existing OSF project ID: rnq6v
[2025-06-05T22:47:33-05:00] [INFO] Checking wiki settings for project rnq6v...
[2025-06-05T22:47:33-05:00] [INFO] Generating default wiki at /home/mrhavens/tmpwork/git-sigil/docs/generated_wiki.md...
[2025-06-05T22:47:34-05:00] [INFO] Default wiki generated at /home/mrhavens/tmpwork/git-sigil/docs/generated_wiki.md
[2025-06-05T22:47:34-05:00] [INFO] Checking for existing wiki page 'home' (attempt 1/3)...
[2025-06-05T22:47:34-05:00] [DEBUG] Executing curl: curl -s -w '\n%{http_code}' -o '/home/mrhavens/tmpwork/git-sigil/.gitfield/tmp_wiki.json' 'https://api.osf.io/v2/nodes/rnq6v/wikis/?filter%5Bname%5D%3Dhome' -H 'Authorization: Bearer [REDACTED]'
[2025-06-05T22:47:35-05:00] [INFO] Found existing wiki page 'home' (ID: xpuw5)
[2025-06-05T22:47:35-05:00] [INFO] Pushing wiki from /home/mrhavens/tmpwork/git-sigil/docs/generated_wiki.md as 'home'
[2025-06-05T22:47:35-05:00] [INFO] Deleting existing wiki page with ID xpuw5...
[2025-06-05T22:47:36-05:00] [ERROR] Failed to delete wiki page (HTTP 400): {"data":{"id":"xpuw5","type":"wikis","attributes":{"name":"home","kind":"file","size":3060,"path":"/xpuw5","materialized_path":"/xpuw5","date_modified":"2025-06-06T03:08:45.036509","content_type":"text/markdown","current_user_can_comment":true,"extra":{"version":1}},"relationships":{"user":{"links":{"related":{"href":"https://api.osf.io/v2/users/6h3cg/","meta":{}}},"data":{"id":"6h3cg","type":"users"}},"node":{"links":{"related":{"href":"https://api.osf.io/v2/nodes/rnq6v/","meta":{}}},"data":{"id":"rnq6v","type":"nodes"}},"comments":{"links":{"related":{"href":"https://api.osf.io/v2/nodes/rnq6v/comments/?filter%5Btarget%5D=xpuw5","meta":{}}}},"versions":{"links":{"related":{"href":"https://api.osf.io/v2/wikis/xpuw5/versions/","meta":{}}}}},"links":{"info":"https://api.osf.io/v2/wikis/xpuw5/","download":"https://api.osf.io/v2/wikis/xpuw5/content/","self":"https://api.osf.io/v2/wikis/xpuw5/","iri":"https://osf.io/xpuw5"}},"meta":{"version":"2.0"}}
[2025-06-05T22:47:43-05:00] [INFO] Using curl version: curl 8.5.0 (x86_64-pc-linux-gnu) libcurl/8.5.0 OpenSSL/3.0.13 zlib/1.3 brotli/1.1.0 zstd/1.5.5 libidn2/2.3.7 libpsl/0.21.2 (+libidn2/2.3.7) libssh/0.10.6/openssl/zlib nghttp2/1.59.0 librtmp/2.3 OpenLDAP/2.6.7
[2025-06-05T22:47:43-05:00] [INFO] Validating /home/mrhavens/tmpwork/git-sigil/osf.yaml...
[2025-06-05T22:47:43-05:00] [DEBUG] OSF_TOKEN length: 70
[2025-06-05T22:47:43-05:00] [INFO] Using existing OSF project ID: rnq6v
[2025-06-05T22:47:44-05:00] [INFO] Checking wiki settings for project rnq6v...
[2025-06-05T22:47:45-05:00] [INFO] Generating default wiki at /home/mrhavens/tmpwork/git-sigil/docs/generated_wiki.md...
[2025-06-05T22:47:45-05:00] [INFO] Default wiki generated at /home/mrhavens/tmpwork/git-sigil/docs/generated_wiki.md
[2025-06-05T22:47:45-05:00] [INFO] Checking for existing wiki page 'home' (attempt 1/3)...
[2025-06-05T22:47:45-05:00] [DEBUG] Executing curl: curl -s -w '\n%{http_code}' -o '/home/mrhavens/tmpwork/git-sigil/.gitfield/tmp_wiki.json' 'https://api.osf.io/v2/nodes/rnq6v/wikis/?filter%5Bname%5D%3Dhome' -H 'Authorization: Bearer [REDACTED]'
[2025-06-05T22:47:46-05:00] [INFO] Found existing wiki page 'home' (ID: xpuw5)
[2025-06-05T22:47:46-05:00] [INFO] Pushing wiki from /home/mrhavens/tmpwork/git-sigil/docs/generated_wiki.md as 'home'
[2025-06-05T22:47:46-05:00] [INFO] Wiki page 'home' already exists (ID: xpuw5). Use --force to delete and recreate.
[2025-06-05T22:47:46-05:00] [INFO] Wiki push complete for project rnq6v
[2025-06-05T22:48:06-05:00] [INFO] Using curl version: curl 8.5.0 (x86_64-pc-linux-gnu) libcurl/8.5.0 OpenSSL/3.0.13 zlib/1.3 brotli/1.1.0 zstd/1.5.5 libidn2/2.3.7 libpsl/0.21.2 (+libidn2/2.3.7) libssh/0.10.6/openssl/zlib nghttp2/1.59.0 librtmp/2.3 OpenLDAP/2.6.7
[2025-06-05T22:48:06-05:00] [INFO] Validating /home/mrhavens/tmpwork/git-sigil/osf.yaml...
[2025-06-05T22:48:06-05:00] [DEBUG] OSF_TOKEN length: 70
[2025-06-05T22:48:07-05:00] [INFO] Using existing OSF project ID: rnq6v
[2025-06-05T22:48:07-05:00] [INFO] Checking wiki settings for project rnq6v...
[2025-06-05T22:48:08-05:00] [INFO] Generating default wiki at /home/mrhavens/tmpwork/git-sigil/docs/generated_wiki.md...
[2025-06-05T22:48:09-05:00] [INFO] Default wiki generated at /home/mrhavens/tmpwork/git-sigil/docs/generated_wiki.md
[2025-06-05T22:48:09-05:00] [INFO] Checking for existing wiki page 'home' (attempt 1/3)...
[2025-06-05T22:48:09-05:00] [DEBUG] Executing curl: curl -s -w '\n%{http_code}' -o '/home/mrhavens/tmpwork/git-sigil/.gitfield/tmp_wiki.json' 'https://api.osf.io/v2/nodes/rnq6v/wikis/?filter%5Bname%5D%3Dhome' -H 'Authorization: Bearer [REDACTED]'
[2025-06-05T22:48:09-05:00] [INFO] Found existing wiki page 'home' (ID: xpuw5)
[2025-06-05T22:48:09-05:00] [INFO] Pushing wiki from /home/mrhavens/tmpwork/git-sigil/docs/generated_wiki.md as 'home'
[2025-06-05T22:48:09-05:00] [INFO] Deleting existing wiki page with ID xpuw5...
[2025-06-05T22:48:10-05:00] [ERROR] Failed to delete wiki page (HTTP 400): {"data":{"id":"xpuw5","type":"wikis","attributes":{"name":"home","kind":"file","size":3060,"path":"/xpuw5","materialized_path":"/xpuw5","date_modified":"2025-06-06T03:08:45.036509","content_type":"text/markdown","current_user_can_comment":true,"extra":{"version":1}},"relationships":{"user":{"links":{"related":{"href":"https://api.osf.io/v2/users/6h3cg/","meta":{}}},"data":{"id":"6h3cg","type":"users"}},"node":{"links":{"related":{"href":"https://api.osf.io/v2/nodes/rnq6v/","meta":{}}},"data":{"id":"rnq6v","type":"nodes"}},"comments":{"links":{"related":{"href":"https://api.osf.io/v2/nodes/rnq6v/comments/?filter%5Btarget%5D=xpuw5","meta":{}}}},"versions":{"links":{"related":{"href":"https://api.osf.io/v2/wikis/xpuw5/versions/","meta":{}}}}},"links":{"info":"https://api.osf.io/v2/wikis/xpuw5/","download":"https://api.osf.io/v2/wikis/xpuw5/content/","self":"https://api.osf.io/v2/wikis/xpuw5/","iri":"https://osf.io/xpuw5"}},"meta":{"version":"2.0"}}
[2025-06-05T22:48:15-05:00] [INFO] Using curl version: curl 8.5.0 (x86_64-pc-linux-gnu) libcurl/8.5.0 OpenSSL/3.0.13 zlib/1.3 brotli/1.1.0 zstd/1.5.5 libidn2/2.3.7 libpsl/0.21.2 (+libidn2/2.3.7) libssh/0.10.6/openssl/zlib nghttp2/1.59.0 librtmp/2.3 OpenLDAP/2.6.7
[2025-06-05T22:48:15-05:00] [INFO] Validating /home/mrhavens/tmpwork/git-sigil/osf.yaml...
[2025-06-05T22:48:15-05:00] [DEBUG] OSF_TOKEN length: 70
[2025-06-05T22:48:15-05:00] [INFO] Using existing OSF project ID: rnq6v
[2025-06-05T22:48:16-05:00] [INFO] Checking wiki settings for project rnq6v...
[2025-06-05T22:48:16-05:00] [INFO] Generating default wiki at /home/mrhavens/tmpwork/git-sigil/docs/generated_wiki.md...
[2025-06-05T22:48:17-05:00] [INFO] Default wiki generated at /home/mrhavens/tmpwork/git-sigil/docs/generated_wiki.md
[2025-06-05T22:48:17-05:00] [INFO] Checking for existing wiki page 'home' (attempt 1/3)...
[2025-06-05T22:48:17-05:00] [DEBUG] Executing curl: curl -s -w '\n%{http_code}' -o '/home/mrhavens/tmpwork/git-sigil/.gitfield/tmp_wiki.json' 'https://api.osf.io/v2/nodes/rnq6v/wikis/?filter%5Bname%5D%3Dhome' -H 'Authorization: Bearer [REDACTED]'
[2025-06-05T22:48:18-05:00] [INFO] Found existing wiki page 'home' (ID: xpuw5)
[2025-06-05T22:48:18-05:00] [INFO] Pushing wiki from /home/mrhavens/tmpwork/git-sigil/docs/generated_wiki.md as 'home'
[2025-06-05T22:48:18-05:00] [INFO] Wiki page 'home' already exists (ID: xpuw5). Use --force to delete and recreate.
[2025-06-05T22:48:18-05:00] [INFO] Wiki push complete for project rnq6v
[2025-06-05T23:01:27-05:00] [INFO] Using curl version: curl 8.5.0 (x86_64-pc-linux-gnu) libcurl/8.5.0 OpenSSL/3.0.13 zlib/1.3 brotli/1.1.0 zstd/1.5.5 libidn2/2.3.7 libpsl/0.21.2 (+libidn2/2.3.7) libssh/0.10.6/openssl/zlib nghttp2/1.59.0 librtmp/2.3 OpenLDAP/2.6.7
[2025-06-05T23:01:44-05:00] [INFO] Using curl version: curl 8.5.0 (x86_64-pc-linux-gnu) libcurl/8.5.0 OpenSSL/3.0.13 zlib/1.3 brotli/1.1.0 zstd/1.5.5 libidn2/2.3.7 libpsl/0.21.2 (+libidn2/2.3.7) libssh/0.10.6/openssl/zlib nghttp2/1.59.0 librtmp/2.3 OpenLDAP/2.6.7
[2025-06-05T23:01:52-05:00] [INFO] Using curl version: curl 8.5.0 (x86_64-pc-linux-gnu) libcurl/8.5.0 OpenSSL/3.0.13 zlib/1.3 brotli/1.1.0 zstd/1.5.5 libidn2/2.3.7 libpsl/0.21.2 (+libidn2/2.3.7) libssh/0.10.6/openssl/zlib nghttp2/1.59.0 librtmp/2.3 OpenLDAP/2.6.7
[2025-06-05T23:01:52-05:00] [INFO] Validating /home/mrhavens/tmpwork/git-sigil/osf.yaml...
[2025-06-05T23:01:52-05:00] [DEBUG] OSF_TOKEN length: 70
[2025-06-05T23:01:53-05:00] [INFO] Using existing OSF project ID: pk5y4
[2025-06-05T23:01:54-05:00] [WARN] Project pk5y4 not found (HTTP 410)
[2025-06-05T23:01:54-05:00] [INFO] Searching for project: git-sigil
[2025-06-05T23:01:54-05:00] [ERROR] Failed to search for project: curl command failed (no HTTP code returned). Curl error: 
[2025-06-05T23:01:54-05:00] [INFO] No existing project found. Creating a new one...
[2025-06-05T23:01:54-05:00] [INFO] Creating new OSF project: git-sigil
[2025-06-05T23:01:55-05:00] [INFO] Created new OSF project: git-sigil (ID: uvzx7)
[2025-06-05T23:01:55-05:00] [INFO] Saved project ID to /home/mrhavens/tmpwork/git-sigil/.gitfield/push_log.json
[2025-06-05T23:01:55-05:00] [INFO] Checking wiki settings for project uvzx7...
[2025-06-05T23:01:55-05:00] [INFO] Generating default wiki at /home/mrhavens/tmpwork/git-sigil/bin/publish_osf_wiki.sh...
[2025-06-05T23:01:56-05:00] [INFO] Default wiki generated at /home/mrhavens/tmpwork/git-sigil/bin/publish_osf_wiki.sh
[2025-06-05T23:01:56-05:00] [INFO] Checking for existing wiki page 'home' (attempt 1/3)...
[2025-06-05T23:01:56-05:00] [DEBUG] Executing curl: curl -s -w '\n%{http_code}' -o '/home/mrhavens/tmpwork/git-sigil/.gitfield/tmp_wiki.json' 'https://api.osf.io/v2/nodes/uvzx7/wikis/?filter%5Bname%5D%3Dhome' -H 'Authorization: Bearer [REDACTED]'
[2025-06-05T23:01:57-05:00] [INFO] No 'home' wiki page found
[2025-06-05T23:01:57-05:00] [INFO] Pushing wiki from /home/mrhavens/tmpwork/git-sigil/bin/publish_osf_wiki.sh as 'home'
[2025-06-05T23:01:57-05:00] [INFO] Creating new wiki page 'home'...
[2025-06-05T23:01:57-05:00] [INFO] Wiki page 'home' created successfully
[2025-06-05T23:01:57-05:00] [INFO] Wiki push complete for project uvzx7
