ðŸ› ï¸ [GITFIELD] Beginning auto-resolution ritual...
âœ… No changes to commit.
ðŸ” Checking bitbucket for divergence...
From bitbucket.org:thefoldwithin/git-sigil
 * branch            master     -> FETCH_HEAD
âœ… bitbucket is already in sync.
ðŸ” Checking github for divergence...
From github.com:mrhavens/git-sigil
 * branch            master     -> FETCH_HEAD
âš ï¸ Divergence with github. Attempting merge...
From github.com:mrhavens/git-sigil
 * branch            master     -> FETCH_HEAD
Already up to date.
âœ… No changes to commit.
To github.com:mrhavens/git-sigil.git
 ! [rejected]        master -> master (non-fast-forward)
error: failed to push some refs to 'github.com:mrhavens/git-sigil.git'
hint: Updates were rejected because a pushed branch tip is behind its remote
hint: counterpart. If you want to integrate the remote changes, use 'git pull'
hint: before pushing again.
hint: See the 'Note about fast-forwards' in 'git push --help' for details.
âš ï¸ Final push failed to github
ðŸ” Checking gitlab for divergence...
From gitlab.com:mrhavens/git-sigil
 * branch            master     -> FETCH_HEAD
âœ… gitlab is already in sync.
ðŸ” Checking local for divergence...
From file:///home/mrhavens/git-local-repos/git-sigil
 * branch            master     -> FETCH_HEAD
âœ… local is already in sync.
ðŸ” Checking origin for divergence...
From ssh://remember.thefoldwithin.earth/mrhavens/git-sigil
 * branch            master     -> FETCH_HEAD
âœ… origin is already in sync.
ðŸ” Checking remember for divergence...
From remember.thefoldwithin.earth:mrhavens/git-sigil
 * branch            master     -> FETCH_HEAD
âœ… remember is already in sync.
ðŸ§™ Final override: Forcing sync to GitHub...
To github.com:mrhavens/git-sigil.git
 + 4b323cb...f57c893 master -> master (forced update)
âœ… GitHub forcibly realigned with local truth.
âœ… GitField resolution ritual complete.
