# Push Log for git-sigil
# Generated by gitfield-sync

[2025-06-06 01:30:03] Local: 
[2025-06-06 01:30:30] Radicle: RID=rad:z3FEj7rF8gZw9eFksCuiN43qjzrex, Peer ID=z6Mkw5s3ppo26C7y7tGK5MD8n2GqTHS582PPpeX5Xqbu2Mpz
  CLI: rad inspect rad:z3FEj7rF8gZw9eFksCuiN43qjzrex # View project details
  CLI: git ls-tree -r --name-only HEAD # View file structure
[2025-06-06 01:31:18] GitLab: https://gitlab.com/mrhavens/git-sigil
[2025-06-06 01:31:33] Bitbucket: https://bitbucket.org/thefoldwithin/git-sigil
[2025-06-06 01:31:45] GitHub: https://github.com/mrhavens/git-sigil
[2025-06-06 01:31:45] Local: 
[2025-06-06 01:31:46] Radicle: RID=rad:z3FEj7rF8gZw9eFksCuiN43qjzrex, Peer ID=z6Mkw5s3ppo26C7y7tGK5MD8n2GqTHS582PPpeX5Xqbu2Mpz
  CLI: rad inspect rad:z3FEj7rF8gZw9eFksCuiN43qjzrex # View project details
  CLI: git ls-tree -r --name-only HEAD # View file structure
[2025-06-06 01:31:58] GitLab: https://gitlab.com/mrhavens/git-sigil
[2025-06-06 01:32:13] Bitbucket: https://bitbucket.org/thefoldwithin/git-sigil
[2025-06-06 01:32:25] GitHub: https://github.com/mrhavens/git-sigil
[2025-06-06 01:32:25] Local: 
[2025-06-06 01:32:25] Radicle: RID=rad:z3FEj7rF8gZw9eFksCuiN43qjzrex, Peer ID=z6Mkw5s3ppo26C7y7tGK5MD8n2GqTHS582PPpeX5Xqbu2Mpz
  CLI: rad inspect rad:z3FEj7rF8gZw9eFksCuiN43qjzrex # View project details
  CLI: git ls-tree -r --name-only HEAD # View file structure
[2025-06-06 01:32:38] GitLab: https://gitlab.com/mrhavens/git-sigil
[2025-06-06 01:32:52] Bitbucket: https://bitbucket.org/thefoldwithin/git-sigil
[2025-06-06 01:33:09] GitHub: https://github.com/mrhavens/git-sigil
[2025-06-06 05:35:26] Local: 
[2025-06-06 05:35:30] Radicle: RID=rad:z3FEj7rF8gZw9eFksCuiN43qjzrex, Peer ID=z6Mkw5s3ppo26C7y7tGK5MD8n2GqTHS582PPpeX5Xqbu2Mpz
  CLI: rad inspect rad:z3FEj7rF8gZw9eFksCuiN43qjzrex # View project details
  CLI: git ls-tree -r --name-only HEAD # View file structure
[2025-06-06 05:36:00] GitLab: https://gitlab.com/mrhavens/git-sigil
[2025-06-06 05:36:22] Bitbucket: https://bitbucket.org/thefoldwithin/git-sigil
[2025-06-06 05:36:44] GitHub: https://github.com/mrhavens/git-sigil
[2025-06-06 05:36:45] Local: 
[2025-06-06 05:36:51] Radicle: RID=rad:z3FEj7rF8gZw9eFksCuiN43qjzrex, Peer ID=z6Mkw5s3ppo26C7y7tGK5MD8n2GqTHS582PPpeX5Xqbu2Mpz
  CLI: rad inspect rad:z3FEj7rF8gZw9eFksCuiN43qjzrex # View project details
  CLI: git ls-tree -r --name-only HEAD # View file structure
[2025-06-06 05:37:06] GitLab: https://gitlab.com/mrhavens/git-sigil
[2025-06-06 05:37:25] Bitbucket: https://bitbucket.org/thefoldwithin/git-sigil
[2025-06-06 05:37:39] GitHub: https://github.com/mrhavens/git-sigil
[2025-06-06 05:37:39] Local: 
[2025-06-06 05:37:44] Radicle: RID=rad:z3FEj7rF8gZw9eFksCuiN43qjzrex, Peer ID=z6Mkw5s3ppo26C7y7tGK5MD8n2GqTHS582PPpeX5Xqbu2Mpz
  CLI: rad inspect rad:z3FEj7rF8gZw9eFksCuiN43qjzrex # View project details
  CLI: git ls-tree -r --name-only HEAD # View file structure
[2025-06-06 05:37:57] GitLab: https://gitlab.com/mrhavens/git-sigil
[2025-06-06 05:38:16] Bitbucket: https://bitbucket.org/thefoldwithin/git-sigil
[2025-06-06 05:38:31] GitHub: https://github.com/mrhavens/git-sigil
[2025-06-06 05:49:35] Local: 
[2025-06-06 05:49:39] Radicle: RID=rad:z3FEj7rF8gZw9eFksCuiN43qjzrex, Peer ID=z6Mkw5s3ppo26C7y7tGK5MD8n2GqTHS582PPpeX5Xqbu2Mpz
  CLI: rad inspect rad:z3FEj7rF8gZw9eFksCuiN43qjzrex # View project details
  CLI: git ls-tree -r --name-only HEAD # View file structure
[2025-06-06 05:49:43] Forgejo: https://remember.thefoldwithin.earth/mrhavens/git-sigil
[2025-06-06 05:49:57] GitLab: https://gitlab.com/mrhavens/git-sigil
[2025-06-06 05:50:15] Bitbucket: https://bitbucket.org/thefoldwithin/git-sigil
[2025-06-06 05:50:34] GitHub: https://github.com/mrhavens/git-sigil
[2025-06-06 05:50:34] Local: 
[2025-06-06 05:50:40] Radicle: RID=rad:z3FEj7rF8gZw9eFksCuiN43qjzrex, Peer ID=z6Mkw5s3ppo26C7y7tGK5MD8n2GqTHS582PPpeX5Xqbu2Mpz
  CLI: rad inspect rad:z3FEj7rF8gZw9eFksCuiN43qjzrex # View project details
  CLI: git ls-tree -r --name-only HEAD # View file structure
[2025-06-06 05:50:47] Forgejo: https://remember.thefoldwithin.earth/mrhavens/git-sigil
[2025-06-06 05:51:01] GitLab: https://gitlab.com/mrhavens/git-sigil
[2025-06-06 05:51:17] Bitbucket: https://bitbucket.org/thefoldwithin/git-sigil
[2025-06-06 05:51:28] GitHub: https://github.com/mrhavens/git-sigil
[2025-06-06 05:51:29] Local: 
[2025-06-06 05:51:35] Radicle: RID=rad:z3FEj7rF8gZw9eFksCuiN43qjzrex, Peer ID=z6Mkw5s3ppo26C7y7tGK5MD8n2GqTHS582PPpeX5Xqbu2Mpz
  CLI: rad inspect rad:z3FEj7rF8gZw9eFksCuiN43qjzrex # View project details
  CLI: git ls-tree -r --name-only HEAD # View file structure
[2025-06-06 05:51:40] Forgejo: https://remember.thefoldwithin.earth/mrhavens/git-sigil
[2025-06-06 05:51:51] GitLab: https://gitlab.com/mrhavens/git-sigil
[2025-06-06 05:52:14] Bitbucket: https://bitbucket.org/thefoldwithin/git-sigil
[2025-06-06 05:52:26] GitHub: https://github.com/mrhavens/git-sigil
[2025-06-06 06:21:44] Local: 
[2025-06-06 06:21:48] Radicle: RID=rad:z3FEj7rF8gZw9eFksCuiN43qjzrex, Peer ID=z6Mkw5s3ppo26C7y7tGK5MD8n2GqTHS582PPpeX5Xqbu2Mpz
  CLI: rad inspect rad:z3FEj7rF8gZw9eFksCuiN43qjzrex # View project details
  CLI: git ls-tree -r --name-only HEAD # View file structure
[2025-06-06 06:21:52] Forgejo: https://remember.thefoldwithin.earth/mrhavens/git-sigil
[2025-06-06 06:22:08] GitLab: https://gitlab.com/mrhavens/git-sigil
[2025-06-06 06:22:24] Bitbucket: https://bitbucket.org/thefoldwithin/git-sigil
[2025-06-06 06:22:38] GitHub: https://github.com/mrhavens/git-sigil
[2025-06-06 06:22:41] Local: 
[2025-06-06 06:22:46] Radicle: RID=rad:z3FEj7rF8gZw9eFksCuiN43qjzrex, Peer ID=z6Mkw5s3ppo26C7y7tGK5MD8n2GqTHS582PPpeX5Xqbu2Mpz
  CLI: rad inspect rad:z3FEj7rF8gZw9eFksCuiN43qjzrex # View project details
  CLI: git ls-tree -r --name-only HEAD # View file structure
[2025-06-06 06:22:51] Forgejo: https://remember.thefoldwithin.earth/mrhavens/git-sigil
[2025-06-06 06:23:03] GitLab: https://gitlab.com/mrhavens/git-sigil
[2025-06-06 06:23:21] Bitbucket: https://bitbucket.org/thefoldwithin/git-sigil
[2025-06-06 06:23:34] GitHub: https://github.com/mrhavens/git-sigil
[2025-06-06 06:23:35] Local: 
[2025-06-06 06:23:39] Radicle: RID=rad:z3FEj7rF8gZw9eFksCuiN43qjzrex, Peer ID=z6Mkw5s3ppo26C7y7tGK5MD8n2GqTHS582PPpeX5Xqbu2Mpz
  CLI: rad inspect rad:z3FEj7rF8gZw9eFksCuiN43qjzrex # View project details
  CLI: git ls-tree -r --name-only HEAD # View file structure
[2025-06-06 06:23:44] Forgejo: https://remember.thefoldwithin.earth/mrhavens/git-sigil
[2025-06-06 06:23:58] GitLab: https://gitlab.com/mrhavens/git-sigil
[2025-06-06 06:24:14] Bitbucket: https://bitbucket.org/thefoldwithin/git-sigil
[2025-06-06 06:24:28] GitHub: https://github.com/mrhavens/git-sigil
[2025-06-06 12:19:10] Local: 
[2025-06-06 12:20:41] Radicle: RID=rad:z3FEj7rF8gZw9eFksCuiN43qjzrex, Peer ID=z6Mkw5s3ppo26C7y7tGK5MD8n2GqTHS582PPpeX5Xqbu2Mpz
  CLI: rad inspect rad:z3FEj7rF8gZw9eFksCuiN43qjzrex # View project details
  CLI: git ls-tree -r --name-only HEAD # View file structure
[2025-06-06 12:20:45] Forgejo: https://remember.thefoldwithin.earth/mrhavens/git-sigil
[2025-06-06 12:24:07] GitLab: https://gitlab.com/mrhavens/git-sigil
[2025-06-06 12:24:29] Bitbucket: https://bitbucket.org/thefoldwithin/git-sigil
[2025-06-06 12:24:44] GitHub: https://github.com/mrhavens/git-sigil
[2025-06-06 12:24:45] Local: 
[2025-06-06 12:24:51] Radicle: RID=rad:z3FEj7rF8gZw9eFksCuiN43qjzrex, Peer ID=z6Mkw5s3ppo26C7y7tGK5MD8n2GqTHS582PPpeX5Xqbu2Mpz
  CLI: rad inspect rad:z3FEj7rF8gZw9eFksCuiN43qjzrex # View project details
  CLI: git ls-tree -r --name-only HEAD # View file structure
[2025-06-06 12:24:56] Forgejo: https://remember.thefoldwithin.earth/mrhavens/git-sigil
[2025-06-06 12:25:06] GitLab: https://gitlab.com/mrhavens/git-sigil
[2025-06-06 12:25:22] Bitbucket: https://bitbucket.org/thefoldwithin/git-sigil
[2025-06-06 12:25:32] GitHub: https://github.com/mrhavens/git-sigil
[2025-06-06 12:25:33] Local: 
[2025-06-06 12:25:38] Radicle: RID=rad:z3FEj7rF8gZw9eFksCuiN43qjzrex, Peer ID=z6Mkw5s3ppo26C7y7tGK5MD8n2GqTHS582PPpeX5Xqbu2Mpz
  CLI: rad inspect rad:z3FEj7rF8gZw9eFksCuiN43qjzrex # View project details
  CLI: git ls-tree -r --name-only HEAD # View file structure
<<<<<<< HEAD
[2025-06-07 00:07:30] Local: 
[2025-06-07 00:07:39] Radicle: RID=rad:z3FEj7rF8gZw9eFksCuiN43qjzrex, Peer ID=z6Mkw5s3ppo26C7y7tGK5MD8n2GqTHS582PPpeX5Xqbu2Mpz
  CLI: rad inspect rad:z3FEj7rF8gZw9eFksCuiN43qjzrex # View project details
  CLI: git ls-tree -r --name-only HEAD # View file structure
[2025-06-07 00:07:56] Forgejo: https://remember.thefoldwithin.earth/mrhavens/git-sigil
[2025-06-07 00:08:46] GitLab: https://gitlab.com/mrhavens/git-sigil
[2025-06-07 00:09:17] Bitbucket: https://bitbucket.org/thefoldwithin/git-sigil
[2025-06-07 00:09:46] GitHub: https://github.com/mrhavens/git-sigil
[2025-06-07 00:10:04] Local: 
[2025-06-07 00:12:40] Radicle: RID=rad:z3FEj7rF8gZw9eFksCuiN43qjzrex, Peer ID=z6Mkw5s3ppo26C7y7tGK5MD8n2GqTHS582PPpeX5Xqbu2Mpz
  CLI: rad inspect rad:z3FEj7rF8gZw9eFksCuiN43qjzrex # View project details
  CLI: git ls-tree -r --name-only HEAD # View file structure
[2025-06-07 00:12:55] Forgejo: https://remember.thefoldwithin.earth/mrhavens/git-sigil
[2025-06-07 00:13:16] GitLab: https://gitlab.com/mrhavens/git-sigil
[2025-06-07 00:13:38] Bitbucket: https://bitbucket.org/thefoldwithin/git-sigil
[2025-06-07 00:14:00] GitHub: https://github.com/mrhavens/git-sigil
[2025-06-07 00:14:11] Local: 
[2025-06-07 00:14:20] Radicle: RID=rad:z3FEj7rF8gZw9eFksCuiN43qjzrex, Peer ID=z6Mkw5s3ppo26C7y7tGK5MD8n2GqTHS582PPpeX5Xqbu2Mpz
  CLI: rad inspect rad:z3FEj7rF8gZw9eFksCuiN43qjzrex # View project details
  CLI: git ls-tree -r --name-only HEAD # View file structure
[2025-06-07 00:14:35] Forgejo: https://remember.thefoldwithin.earth/mrhavens/git-sigil
[2025-06-07 00:14:56] GitLab: https://gitlab.com/mrhavens/git-sigil
[2025-06-07 00:15:19] Bitbucket: https://bitbucket.org/thefoldwithin/git-sigil
[2025-06-07 00:15:41] GitHub: https://github.com/mrhavens/git-sigil
=======
[2025-06-06 12:25:42] Forgejo: https://remember.thefoldwithin.earth/mrhavens/git-sigil
[2025-06-06 12:25:55] GitLab: https://gitlab.com/mrhavens/git-sigil
>>>>>>> be7726405b6412ae5af5144f9e2cf4d13bd32aeb
[2025-06-07 01:33:59] Local: 
[2025-06-07 01:34:19] Radicle: RID=rad:z3FEj7rF8gZw9eFksCuiN43qjzrex, Peer ID=z6Mkw5s3ppo26C7y7tGK5MD8n2GqTHS582PPpeX5Xqbu2Mpz
  CLI: rad inspect rad:z3FEj7rF8gZw9eFksCuiN43qjzrex # View project details
  CLI: git ls-tree -r --name-only HEAD # View file structure
[2025-06-07 01:34:47] Forgejo: https://remember.thefoldwithin.earth/mrhavens/git-sigil
[2025-06-07 01:35:36] GitLab: https://gitlab.com/mrhavens/git-sigil
[2025-06-07 01:36:20] Bitbucket: https://bitbucket.org/thefoldwithin/git-sigil
[2025-06-07 01:37:22] GitHub: https://github.com/mrhavens/git-sigil
[2025-06-07 01:37:44] Local: 
[2025-06-07 01:38:11] Radicle: RID=rad:z3FEj7rF8gZw9eFksCuiN43qjzrex, Peer ID=z6Mkw5s3ppo26C7y7tGK5MD8n2GqTHS582PPpeX5Xqbu2Mpz
  CLI: rad inspect rad:z3FEj7rF8gZw9eFksCuiN43qjzrex # View project details
  CLI: git ls-tree -r --name-only HEAD # View file structure
[2025-06-07 01:38:41] Forgejo: https://remember.thefoldwithin.earth/mrhavens/git-sigil
[2025-06-07 01:39:12] GitLab: https://gitlab.com/mrhavens/git-sigil
[2025-06-07 01:39:52] Bitbucket: https://bitbucket.org/thefoldwithin/git-sigil
[2025-06-07 01:40:29] GitHub: https://github.com/mrhavens/git-sigil
[2025-06-07 01:40:51] Local: 
[2025-06-07 01:41:15] Radicle: RID=rad:z3FEj7rF8gZw9eFksCuiN43qjzrex, Peer ID=z6Mkw5s3ppo26C7y7tGK5MD8n2GqTHS582PPpeX5Xqbu2Mpz
  CLI: rad inspect rad:z3FEj7rF8gZw9eFksCuiN43qjzrex # View project details
  CLI: git ls-tree -r --name-only HEAD # View file structure
<<<<<<< HEAD
[2025-06-07 01:41:43] Forgejo: https://remember.thefoldwithin.earth/mrhavens/git-sigil
[2025-06-07 01:42:29] GitLab: https://gitlab.com/mrhavens/git-sigil
[2025-06-07 01:43:14] Bitbucket: https://bitbucket.org/thefoldwithin/git-sigil
=======
[2025-06-09 07:38:33] Local: 
<<<<<<< HEAD
>>>>>>> e4aa1cd (Post-Local sync at 2025-06-09 07:38:32)
=======
[2025-06-09 07:38:41] Radicle: RID=rad:z3FEj7rF8gZw9eFksCuiN43qjzrex, Peer ID=z6Mkw5s3ppo26C7y7tGK5MD8n2GqTHS582PPpeX5Xqbu2Mpz
  CLI: rad inspect rad:z3FEj7rF8gZw9eFksCuiN43qjzrex # View project details
  CLI: git ls-tree -r --name-only HEAD # View file structure
<<<<<<< HEAD
>>>>>>> 9565283 (Post-Radicle sync at 2025-06-09 07:38:32)
=======
[2025-06-09 09:01:12] Local: 
>>>>>>> 56df476 (Post-Local sync at 2025-06-09 09:01:11)
[2025-06-09 14:43:29] Local: 
[2025-06-09 14:43:47] Radicle: RID=rad:z3FEj7rF8gZw9eFksCuiN43qjzrex, Peer ID=z6Mkw5s3ppo26C7y7tGK5MD8n2GqTHS582PPpeX5Xqbu2Mpz
  CLI: rad inspect rad:z3FEj7rF8gZw9eFksCuiN43qjzrex # View project details
  CLI: git ls-tree -r --name-only HEAD # View file structure
[2025-06-09 14:43:52] Forgejo: https://remember.thefoldwithin.earth/mrhavens/git-sigil
[2025-06-09 14:44:00] Codeberg: https://codeberg.org/mrhavens/git-sigil
[2025-06-09 14:44:04] Gitea: https://gitea.com/mrhavens/git-sigil
[2025-06-09 14:44:15] GitLab: https://gitlab.com/mrhavens/git-sigil
[2025-06-09 14:44:27] Bitbucket: https://bitbucket.org/thefoldwithin/git-sigil
[2025-06-09 14:44:38] GitHub: https://github.com/mrhavens/git-sigil
[2025-06-09 14:44:38] Local: 
[2025-06-09 14:44:56] Local: 
[2025-06-09 14:45:14] Radicle: RID=rad:z3FEj7rF8gZw9eFksCuiN43qjzrex, Peer ID=z6Mkw5s3ppo26C7y7tGK5MD8n2GqTHS582PPpeX5Xqbu2Mpz
  CLI: rad inspect rad:z3FEj7rF8gZw9eFksCuiN43qjzrex # View project details
  CLI: git ls-tree -r --name-only HEAD # View file structure
[2025-06-09 14:45:17] Forgejo: https://remember.thefoldwithin.earth/mrhavens/git-sigil
[2025-06-09T20:30:46Z] Local: , Branch=master, Commit=89b7d20
  Diff Summary:
     .gitfield/local.sigil.md | 20 ++++++++++----------
     1 file changed, 10 insertions(+), 10 deletions(-)
[2025-06-09T20:31:05Z] Radicle: RID=rad:z3FEj7rF8gZw9eFksCuiN43qjzrex, Peer ID=z6Mkw5s3ppo26C7y7tGK5MD8n2GqTHS582PPpeX5Xqbu2Mpz, Branch=master, Commit=89b7d20
  CLI: rad inspect rad:z3FEj7rF8gZw9eFksCuiN43qjzrex # View project details
  CLI: git ls-tree -r --name-only HEAD # View file structure
  Diff Summary:
     .gitfield/radicle.sigil.md | 22 +++++++++++-----------
     1 file changed, 11 insertions(+), 11 deletions(-)
[2025-06-09T20:31:16Z] Forgejo: https://remember.thefoldwithin.earth/mrhavens/git-sigil, Branch=master, Commit=89b7d20
  Diff Summary:
     .gitfield/remember.sigil.md | 20 ++++++++++----------
     1 file changed, 10 insertions(+), 10 deletions(-)
[2025-06-09T20:31:40Z] Codeberg: https://codeberg.org/mrhavens/git-sigil, Branch=master, Commit=89b7d20
  Diff Summary:
     .gitfield/codeberg.sigil.md | 20 ++++++++++----------
     1 file changed, 10 insertions(+), 10 deletions(-)
[2025-06-09T20:31:47Z] Gitea: https://gitea.com/mrhavens/git-sigil, Branch=master, Commit=89b7d20
  Diff Summary:
     .gitfield/gitea.sigil.md | 20 ++++++++++----------
     1 file changed, 10 insertions(+), 10 deletions(-)
[2025-06-09T20:32:11Z] GitLab: https://gitlab.com/mrhavens/git-sigil, Branch=master, Commit=89b7d20
  Diff Summary:
     .gitfield/gitlab.sigil.md | 20 ++++++++++----------
     1 file changed, 10 insertions(+), 10 deletions(-)
[2025-06-09T20:32:45Z] Bitbucket: https://bitbucket.org/thefoldwithin/git-sigil, Branch=master, Commit=89b7d20
  Diff Summary:
     .gitfield/bitbucket.sigil.md | 20 ++++++++++----------
     1 file changed, 10 insertions(+), 10 deletions(-)
[2025-06-09T20:33:04Z] GitHub: https://github.com/mrhavens/git-sigil, Branch=master, Commit=89b7d20
  Diff Summary:
     .gitfield/github.sigil.md | 20 ++++++++++----------
     1 file changed, 10 insertions(+), 10 deletions(-)
[2025-06-09T20:33:05Z] Local: , Branch=master, Commit=89b7d20
  Diff Summary:
     .gitfield/local.sigil.md | 18 +++++++++---------
     1 file changed, 9 insertions(+), 9 deletions(-)
[2025-06-09T20:33:25Z] Radicle: RID=rad:z3FEj7rF8gZw9eFksCuiN43qjzrex, Peer ID=z6Mkw5s3ppo26C7y7tGK5MD8n2GqTHS582PPpeX5Xqbu2Mpz, Branch=master, Commit=89b7d20
  CLI: rad inspect rad:z3FEj7rF8gZw9eFksCuiN43qjzrex # View project details
  CLI: git ls-tree -r --name-only HEAD # View file structure
  Diff Summary:
     .gitfield/radicle.sigil.md | 16 ++++++++--------
     1 file changed, 8 insertions(+), 8 deletions(-)
[2025-06-09T20:34:26Z] Forgejo: https://remember.thefoldwithin.earth/mrhavens/git-sigil, Branch=master, Commit=89b7d20
  Diff Summary:
     .gitfield/remember.sigil.md | 14 +++++++-------
     1 file changed, 7 insertions(+), 7 deletions(-)
[2025-06-09T20:35:46Z] Codeberg: https://codeberg.org/mrhavens/git-sigil, Branch=master, Commit=89b7d20
  Diff Summary:
     .gitfield/codeberg.sigil.md | 14 +++++++-------
     1 file changed, 7 insertions(+), 7 deletions(-)
[2025-06-09T20:35:49Z] Gitea: https://gitea.com/mrhavens/git-sigil, Branch=master, Commit=89b7d20
  Diff Summary:
     .gitfield/gitea.sigil.md | 14 +++++++-------
     1 file changed, 7 insertions(+), 7 deletions(-)
[2025-06-09T20:36:12Z] GitLab: https://gitlab.com/mrhavens/git-sigil, Branch=master, Commit=89b7d20
  Diff Summary:
     .gitfield/gitlab.sigil.md | 14 +++++++-------
     1 file changed, 7 insertions(+), 7 deletions(-)
[2025-06-09T20:36:45Z] Bitbucket: https://bitbucket.org/thefoldwithin/git-sigil, Branch=master, Commit=89b7d20
  Diff Summary:
     .gitfield/bitbucket.sigil.md | 14 +++++++-------
     1 file changed, 7 insertions(+), 7 deletions(-)
[2025-06-09T20:37:14Z] GitHub: https://github.com/mrhavens/git-sigil, Branch=master, Commit=89b7d20
  Diff Summary:
     .gitfield/github.sigil.md | 14 +++++++-------
     1 file changed, 7 insertions(+), 7 deletions(-)
[2025-06-09T20:37:17Z] Local: , Branch=master, Commit=89b7d20
  Diff Summary:
     .gitfield/local.sigil.md | 14 +++++++-------
     1 file changed, 7 insertions(+), 7 deletions(-)
[2025-06-09T20:37:37Z] Radicle: RID=rad:z3FEj7rF8gZw9eFksCuiN43qjzrex, Peer ID=z6Mkw5s3ppo26C7y7tGK5MD8n2GqTHS582PPpeX5Xqbu2Mpz, Branch=master, Commit=89b7d20
  CLI: rad inspect rad:z3FEj7rF8gZw9eFksCuiN43qjzrex # View project details
  CLI: git ls-tree -r --name-only HEAD # View file structure
  Diff Summary:
     .gitfield/radicle.sigil.md | 16 ++++++++--------
     1 file changed, 8 insertions(+), 8 deletions(-)
[2025-06-09T20:37:45Z] Forgejo: https://remember.thefoldwithin.earth/mrhavens/git-sigil, Branch=master, Commit=89b7d20
  Diff Summary:
     .gitfield/remember.sigil.md | 14 +++++++-------
     1 file changed, 7 insertions(+), 7 deletions(-)
[2025-06-09T20:37:56Z] Codeberg: https://codeberg.org/mrhavens/git-sigil, Branch=master, Commit=89b7d20
  Diff Summary:
     .gitfield/codeberg.sigil.md | 14 +++++++-------
     1 file changed, 7 insertions(+), 7 deletions(-)
[2025-06-09T20:38:00Z] Gitea: https://gitea.com/mrhavens/git-sigil, Branch=master, Commit=89b7d20
  Diff Summary:
     .gitfield/gitea.sigil.md | 14 +++++++-------
     1 file changed, 7 insertions(+), 7 deletions(-)
[2025-06-09T20:38:21Z] GitLab: https://gitlab.com/mrhavens/git-sigil, Branch=master, Commit=89b7d20
  Diff Summary:
     .gitfield/gitlab.sigil.md | 14 +++++++-------
     1 file changed, 7 insertions(+), 7 deletions(-)
[2025-06-09T20:38:48Z] Bitbucket: https://bitbucket.org/thefoldwithin/git-sigil, Branch=master, Commit=89b7d20
  Diff Summary:
     .gitfield/bitbucket.sigil.md | 14 +++++++-------
     1 file changed, 7 insertions(+), 7 deletions(-)
[2025-06-09T20:39:11Z] GitHub: https://github.com/mrhavens/git-sigil, Branch=master, Commit=89b7d20
  Diff Summary:
     .gitfield/github.sigil.md | 14 +++++++-------
     1 file changed, 7 insertions(+), 7 deletions(-)
[2025-06-09T21:04:04Z] Local: , Branch=master, Commit=af290bc
  Diff Summary:
     .gitfield/local.sigil.md | 18 +++++++++---------
     1 file changed, 9 insertions(+), 9 deletions(-)
[2025-06-09T21:04:24Z] Radicle: RID=rad:z3FEj7rF8gZw9eFksCuiN43qjzrex, Peer ID=z6Mkw5s3ppo26C7y7tGK5MD8n2GqTHS582PPpeX5Xqbu2Mpz, Branch=master, Commit=af290bc
  CLI: rad inspect rad:z3FEj7rF8gZw9eFksCuiN43qjzrex # View project details
  CLI: git ls-tree -r --name-only HEAD # View file structure
  Diff Summary:
     .gitfield/radicle.sigil.md | 20 ++++++++++----------
     1 file changed, 10 insertions(+), 10 deletions(-)
[2025-06-09T21:04:27Z] Forgejo: https://remember.thefoldwithin.earth/mrhavens/git-sigil, Branch=master, Commit=af290bc
  Diff Summary:
     .gitfield/remember.sigil.md | 18 +++++++++---------
     1 file changed, 9 insertions(+), 9 deletions(-)
[2025-06-09T21:04:37Z] Codeberg: https://codeberg.org/mrhavens/git-sigil, Branch=master, Commit=af290bc
  Diff Summary:
     .gitfield/codeberg.sigil.md | 18 +++++++++---------
     1 file changed, 9 insertions(+), 9 deletions(-)
[2025-06-09T21:04:42Z] Gitea: https://gitea.com/mrhavens/git-sigil, Branch=master, Commit=af290bc
  Diff Summary:
     .gitfield/gitea.sigil.md | 18 +++++++++---------
     1 file changed, 9 insertions(+), 9 deletions(-)
[2025-06-09T21:05:04Z] GitLab: https://gitlab.com/mrhavens/git-sigil, Branch=master, Commit=af290bc
  Diff Summary:
     .gitfield/gitlab.sigil.md | 18 +++++++++---------
     1 file changed, 9 insertions(+), 9 deletions(-)
[2025-06-09T21:05:23Z] Bitbucket: https://bitbucket.org/thefoldwithin/git-sigil, Branch=master, Commit=af290bc
  Diff Summary:
     .gitfield/bitbucket.sigil.md | 18 +++++++++---------
     1 file changed, 9 insertions(+), 9 deletions(-)
[2025-06-09T21:05:37Z] GitHub: https://github.com/mrhavens/git-sigil, Branch=master, Commit=af290bc
  Diff Summary:
     .gitfield/github.sigil.md | 18 +++++++++---------
     1 file changed, 9 insertions(+), 9 deletions(-)
[2025-06-09T21:05:39Z] Local: , Branch=master, Commit=af290bc
  Diff Summary:
     .gitfield/local.sigil.md | 18 +++++++++---------
     1 file changed, 9 insertions(+), 9 deletions(-)
[2025-06-09T21:06:01Z] Radicle: RID=rad:z3FEj7rF8gZw9eFksCuiN43qjzrex, Peer ID=z6Mkw5s3ppo26C7y7tGK5MD8n2GqTHS582PPpeX5Xqbu2Mpz, Branch=master, Commit=af290bc
  CLI: rad inspect rad:z3FEj7rF8gZw9eFksCuiN43qjzrex # View project details
  CLI: git ls-tree -r --name-only HEAD # View file structure
  Diff Summary:
     .gitfield/radicle.sigil.md | 16 ++++++++--------
     1 file changed, 8 insertions(+), 8 deletions(-)
[2025-06-09T21:06:06Z] Forgejo: https://remember.thefoldwithin.earth/mrhavens/git-sigil, Branch=master, Commit=af290bc
  Diff Summary:
     .gitfield/remember.sigil.md | 14 +++++++-------
     1 file changed, 7 insertions(+), 7 deletions(-)
[2025-06-09T21:06:14Z] Codeberg: https://codeberg.org/mrhavens/git-sigil, Branch=master, Commit=af290bc
  Diff Summary:
     .gitfield/codeberg.sigil.md | 14 +++++++-------
     1 file changed, 7 insertions(+), 7 deletions(-)
[2025-06-09T21:06:18Z] Gitea: https://gitea.com/mrhavens/git-sigil, Branch=master, Commit=af290bc
  Diff Summary:
     .gitfield/gitea.sigil.md | 14 +++++++-------
     1 file changed, 7 insertions(+), 7 deletions(-)
[2025-06-09T21:06:44Z] GitLab: https://gitlab.com/mrhavens/git-sigil, Branch=master, Commit=af290bc
  Diff Summary:
     .gitfield/gitlab.sigil.md | 14 +++++++-------
     1 file changed, 7 insertions(+), 7 deletions(-)
[2025-06-09T21:07:01Z] Bitbucket: https://bitbucket.org/thefoldwithin/git-sigil, Branch=master, Commit=af290bc
  Diff Summary:
     .gitfield/bitbucket.sigil.md | 14 +++++++-------
     1 file changed, 7 insertions(+), 7 deletions(-)
[2025-06-09T21:07:15Z] GitHub: https://github.com/mrhavens/git-sigil, Branch=master, Commit=af290bc
  Diff Summary:
     .gitfield/github.sigil.md | 14 +++++++-------
     1 file changed, 7 insertions(+), 7 deletions(-)
[2025-06-09T21:07:16Z] Local: , Branch=master, Commit=af290bc
  Diff Summary:
     .gitfield/local.sigil.md | 14 +++++++-------
     1 file changed, 7 insertions(+), 7 deletions(-)
[2025-06-09T21:07:34Z] Radicle: RID=rad:z3FEj7rF8gZw9eFksCuiN43qjzrex, Peer ID=z6Mkw5s3ppo26C7y7tGK5MD8n2GqTHS582PPpeX5Xqbu2Mpz, Branch=master, Commit=af290bc
  CLI: rad inspect rad:z3FEj7rF8gZw9eFksCuiN43qjzrex # View project details
  CLI: git ls-tree -r --name-only HEAD # View file structure
  Diff Summary:
     .gitfield/radicle.sigil.md | 16 ++++++++--------
     1 file changed, 8 insertions(+), 8 deletions(-)
[2025-06-09T21:07:45Z] Forgejo: https://remember.thefoldwithin.earth/mrhavens/git-sigil, Branch=master, Commit=af290bc
  Diff Summary:
     .gitfield/remember.sigil.md | 14 +++++++-------
     1 file changed, 7 insertions(+), 7 deletions(-)
[2025-06-09T21:07:53Z] Codeberg: https://codeberg.org/mrhavens/git-sigil, Branch=master, Commit=af290bc
  Diff Summary:
     .gitfield/codeberg.sigil.md | 14 +++++++-------
     1 file changed, 7 insertions(+), 7 deletions(-)
[2025-06-09T21:07:56Z] Gitea: https://gitea.com/mrhavens/git-sigil, Branch=master, Commit=af290bc
  Diff Summary:
     .gitfield/gitea.sigil.md | 14 +++++++-------
     1 file changed, 7 insertions(+), 7 deletions(-)
[2025-06-09T21:08:14Z] GitLab: https://gitlab.com/mrhavens/git-sigil, Branch=master, Commit=af290bc
  Diff Summary:
     .gitfield/gitlab.sigil.md | 14 +++++++-------
     1 file changed, 7 insertions(+), 7 deletions(-)
[2025-06-09T21:08:39Z] Bitbucket: https://bitbucket.org/thefoldwithin/git-sigil, Branch=master, Commit=af290bc
  Diff Summary:
     .gitfield/bitbucket.sigil.md | 14 +++++++-------
     1 file changed, 7 insertions(+), 7 deletions(-)
[2025-06-09T21:08:55Z] GitHub: https://github.com/mrhavens/git-sigil, Branch=master, Commit=af290bc
  Diff Summary:
     .gitfield/github.sigil.md | 14 +++++++-------
     1 file changed, 7 insertions(+), 7 deletions(-)
[2025-06-09T22:36:40Z] Local: , Branch=master, Commit=c70557d
  Diff Summary:
     .gitfield/local.sigil.md | 18 +++++++++---------
     1 file changed, 9 insertions(+), 9 deletions(-)
[2025-06-09T22:36:58Z] Radicle: RID=rad:z3FEj7rF8gZw9eFksCuiN43qjzrex, Peer ID=z6Mkw5s3ppo26C7y7tGK5MD8n2GqTHS582PPpeX5Xqbu2Mpz, Branch=master, Commit=c70557d
  CLI: rad inspect rad:z3FEj7rF8gZw9eFksCuiN43qjzrex # View project details
  CLI: git ls-tree -r --name-only HEAD # View file structure
  Diff Summary:
     .gitfield/radicle.sigil.md | 20 ++++++++++----------
     1 file changed, 10 insertions(+), 10 deletions(-)
[2025-06-09T22:37:04Z] Forgejo: https://remember.thefoldwithin.earth/mrhavens/git-sigil, Branch=master, Commit=c70557d
  Diff Summary:
     .gitfield/remember.sigil.md | 18 +++++++++---------
     1 file changed, 9 insertions(+), 9 deletions(-)
[2025-06-09T22:37:13Z] Codeberg: https://codeberg.org/mrhavens/git-sigil, Branch=master, Commit=c70557d
  Diff Summary:
     .gitfield/codeberg.sigil.md | 18 +++++++++---------
     1 file changed, 9 insertions(+), 9 deletions(-)
[2025-06-09T22:37:17Z] Gitea: https://gitea.com/mrhavens/git-sigil, Branch=master, Commit=c70557d
  Diff Summary:
     .gitfield/gitea.sigil.md | 18 +++++++++---------
     1 file changed, 9 insertions(+), 9 deletions(-)
[2025-06-09T22:37:54Z] GitLab: https://gitlab.com/mrhavens/git-sigil, Branch=master, Commit=c70557d
  Diff Summary:
     .gitfield/gitlab.sigil.md | 18 +++++++++---------
     1 file changed, 9 insertions(+), 9 deletions(-)
[2025-06-09T22:38:27Z] Bitbucket: https://bitbucket.org/thefoldwithin/git-sigil, Branch=master, Commit=c70557d
  Diff Summary:
     .gitfield/bitbucket.sigil.md | 18 +++++++++---------
     1 file changed, 9 insertions(+), 9 deletions(-)
[2025-06-09T22:38:53Z] GitHub: https://github.com/mrhavens/git-sigil, Branch=master, Commit=c70557d
  Diff Summary:
     .gitfield/github.sigil.md | 18 +++++++++---------
     1 file changed, 9 insertions(+), 9 deletions(-)
[2025-06-09T22:46:21Z] Local: , Branch=master, Commit=c70557d
  Diff Summary:
     .gitfield/local.sigil.md | 16 ++++++++--------
     1 file changed, 8 insertions(+), 8 deletions(-)
[2025-06-09T22:46:40Z] Radicle: RID=rad:z3FEj7rF8gZw9eFksCuiN43qjzrex, Peer ID=z6Mkw5s3ppo26C7y7tGK5MD8n2GqTHS582PPpeX5Xqbu2Mpz, Branch=master, Commit=c70557d
  CLI: rad inspect rad:z3FEj7rF8gZw9eFksCuiN43qjzrex # View project details
  CLI: git ls-tree -r --name-only HEAD # View file structure
  Diff Summary:
     .gitfield/radicle.sigil.md | 16 ++++++++--------
     1 file changed, 8 insertions(+), 8 deletions(-)
[2025-06-09T22:46:50Z] Forgejo: https://remember.thefoldwithin.earth/mrhavens/git-sigil, Branch=master, Commit=c70557d
  Diff Summary:
     .gitfield/remember.sigil.md | 14 +++++++-------
     1 file changed, 7 insertions(+), 7 deletions(-)
[2025-06-09T22:46:59Z] Codeberg: https://codeberg.org/mrhavens/git-sigil, Branch=master, Commit=c70557d
  Diff Summary:
     .gitfield/codeberg.sigil.md | 14 +++++++-------
     1 file changed, 7 insertions(+), 7 deletions(-)
[2025-06-09T22:47:04Z] Gitea: https://gitea.com/mrhavens/git-sigil, Branch=master, Commit=c70557d
  Diff Summary:
     .gitfield/gitea.sigil.md | 14 +++++++-------
     1 file changed, 7 insertions(+), 7 deletions(-)
[2025-06-09T22:47:57Z] GitLab: https://gitlab.com/mrhavens/git-sigil, Branch=master, Commit=c70557d
  Diff Summary:
     .gitfield/gitlab.sigil.md | 14 +++++++-------
     1 file changed, 7 insertions(+), 7 deletions(-)
[2025-06-09T22:48:54Z] Bitbucket: https://bitbucket.org/thefoldwithin/git-sigil, Branch=master, Commit=c70557d
  Diff Summary:
     .gitfield/bitbucket.sigil.md | 14 +++++++-------
     1 file changed, 7 insertions(+), 7 deletions(-)
[2025-06-09T22:49:47Z] GitHub: https://github.com/mrhavens/git-sigil, Branch=master, Commit=c70557d
  Diff Summary:
     .gitfield/github.sigil.md | 14 +++++++-------
     1 file changed, 7 insertions(+), 7 deletions(-)
[2025-06-09T22:56:54Z] Local: , Branch=master, Commit=c70557d
  Diff Summary:
     .gitfield/local.sigil.md | 14 +++++++-------
     1 file changed, 7 insertions(+), 7 deletions(-)
[2025-06-09T22:57:14Z] Radicle: RID=rad:z3FEj7rF8gZw9eFksCuiN43qjzrex, Peer ID=z6Mkw5s3ppo26C7y7tGK5MD8n2GqTHS582PPpeX5Xqbu2Mpz, Branch=master, Commit=c70557d
  CLI: rad inspect rad:z3FEj7rF8gZw9eFksCuiN43qjzrex # View project details
  CLI: git ls-tree -r --name-only HEAD # View file structure
  Diff Summary:
     .gitfield/radicle.sigil.md | 16 ++++++++--------
     1 file changed, 8 insertions(+), 8 deletions(-)
[2025-06-09T22:57:20Z] Forgejo: https://remember.thefoldwithin.earth/mrhavens/git-sigil, Branch=master, Commit=c70557d
  Diff Summary:
     .gitfield/remember.sigil.md | 14 +++++++-------
     1 file changed, 7 insertions(+), 7 deletions(-)
[2025-06-09T22:57:29Z] Codeberg: https://codeberg.org/mrhavens/git-sigil, Branch=master, Commit=c70557d
  Diff Summary:
     .gitfield/codeberg.sigil.md | 14 +++++++-------
     1 file changed, 7 insertions(+), 7 deletions(-)
[2025-06-09T22:57:33Z] Gitea: https://gitea.com/mrhavens/git-sigil, Branch=master, Commit=c70557d
  Diff Summary:
     .gitfield/gitea.sigil.md | 14 +++++++-------
     1 file changed, 7 insertions(+), 7 deletions(-)
[2025-06-09T22:58:23Z] GitLab: https://gitlab.com/mrhavens/git-sigil, Branch=master, Commit=c70557d
  Diff Summary:
     .gitfield/gitlab.sigil.md | 14 +++++++-------
     1 file changed, 7 insertions(+), 7 deletions(-)
[2025-06-09T22:59:19Z] Bitbucket: https://bitbucket.org/thefoldwithin/git-sigil, Branch=master, Commit=c70557d
  Diff Summary:
     .gitfield/bitbucket.sigil.md | 14 +++++++-------
     1 file changed, 7 insertions(+), 7 deletions(-)
[2025-06-09T23:00:11Z] GitHub: https://github.com/mrhavens/git-sigil, Branch=master, Commit=c70557d
  Diff Summary:
     .gitfield/github.sigil.md | 14 +++++++-------
     1 file changed, 7 insertions(+), 7 deletions(-)
[2025-06-09T23:36:44Z] Local: , Branch=master, Commit=689a81f
  Diff Summary:
     .gitfield/local.sigil.md | 16 ++++++++--------
     1 file changed, 8 insertions(+), 8 deletions(-)
[2025-06-09T23:37:04Z] Radicle: RID=rad:z3FEj7rF8gZw9eFksCuiN43qjzrex, Peer ID=z6Mkw5s3ppo26C7y7tGK5MD8n2GqTHS582PPpeX5Xqbu2Mpz, Branch=master, Commit=689a81f
  CLI: rad inspect rad:z3FEj7rF8gZw9eFksCuiN43qjzrex # View project details
  CLI: git ls-tree -r --name-only HEAD # View file structure
  Diff Summary:
     .gitfield/radicle.sigil.md | 20 ++++++++++----------
     1 file changed, 10 insertions(+), 10 deletions(-)
[2025-06-09T23:37:09Z] Forgejo: https://remember.thefoldwithin.earth/mrhavens/git-sigil, Branch=master, Commit=689a81f
  Diff Summary:
     .gitfield/remember.sigil.md | 18 +++++++++---------
     1 file changed, 9 insertions(+), 9 deletions(-)
[2025-06-09T23:37:19Z] Codeberg: https://codeberg.org/mrhavens/git-sigil, Branch=master, Commit=689a81f
  Diff Summary:
     .gitfield/codeberg.sigil.md | 18 +++++++++---------
     1 file changed, 9 insertions(+), 9 deletions(-)
[2025-06-09T23:37:27Z] Gitea: https://gitea.com/mrhavens/git-sigil, Branch=master, Commit=689a81f
  Diff Summary:
     .gitfield/gitea.sigil.md | 18 +++++++++---------
     1 file changed, 9 insertions(+), 9 deletions(-)
[2025-06-09T23:38:22Z] GitLab: https://gitlab.com/mrhavens/git-sigil, Branch=master, Commit=689a81f
  Diff Summary:
     .gitfield/gitlab.sigil.md | 18 +++++++++---------
     1 file changed, 9 insertions(+), 9 deletions(-)
[2025-06-09T23:39:19Z] Bitbucket: https://bitbucket.org/thefoldwithin/git-sigil, Branch=master, Commit=689a81f
  Diff Summary:
     .gitfield/bitbucket.sigil.md | 18 +++++++++---------
     1 file changed, 9 insertions(+), 9 deletions(-)
[2025-06-09T23:40:19Z] GitHub: https://github.com/mrhavens/git-sigil, Branch=master, Commit=689a81f
  Diff Summary:
     .gitfield/github.sigil.md | 18 +++++++++---------
     1 file changed, 9 insertions(+), 9 deletions(-)
[2025-06-09T23:40:41Z] Local: , Branch=master, Commit=689a81f
  Diff Summary:
     .gitfield/local.sigil.md | 14 +++++++-------
     1 file changed, 7 insertions(+), 7 deletions(-)
[2025-06-09T23:41:00Z] Radicle: RID=rad:z3FEj7rF8gZw9eFksCuiN43qjzrex, Peer ID=z6Mkw5s3ppo26C7y7tGK5MD8n2GqTHS582PPpeX5Xqbu2Mpz, Branch=master, Commit=689a81f
  CLI: rad inspect rad:z3FEj7rF8gZw9eFksCuiN43qjzrex # View project details
  CLI: git ls-tree -r --name-only HEAD # View file structure
  Diff Summary:
     .gitfield/radicle.sigil.md | 16 ++++++++--------
     1 file changed, 8 insertions(+), 8 deletions(-)
[2025-06-09T23:41:07Z] Forgejo: https://remember.thefoldwithin.earth/mrhavens/git-sigil, Branch=master, Commit=689a81f
  Diff Summary:
     .gitfield/remember.sigil.md | 14 +++++++-------
     1 file changed, 7 insertions(+), 7 deletions(-)
[2025-06-09T23:41:19Z] Codeberg: https://codeberg.org/mrhavens/git-sigil, Branch=master, Commit=689a81f
  Diff Summary:
     .gitfield/codeberg.sigil.md | 14 +++++++-------
     1 file changed, 7 insertions(+), 7 deletions(-)
[2025-06-09T23:41:25Z] Gitea: https://gitea.com/mrhavens/git-sigil, Branch=master, Commit=689a81f
  Diff Summary:
     .gitfield/gitea.sigil.md | 14 +++++++-------
     1 file changed, 7 insertions(+), 7 deletions(-)
[2025-06-09T23:42:16Z] GitLab: https://gitlab.com/mrhavens/git-sigil, Branch=master, Commit=689a81f
  Diff Summary:
     .gitfield/gitlab.sigil.md | 14 +++++++-------
     1 file changed, 7 insertions(+), 7 deletions(-)
[2025-06-09T23:43:11Z] Bitbucket: https://bitbucket.org/thefoldwithin/git-sigil, Branch=master, Commit=689a81f
  Diff Summary:
     .gitfield/bitbucket.sigil.md | 14 +++++++-------
     1 file changed, 7 insertions(+), 7 deletions(-)
[2025-06-09T23:44:02Z] GitHub: https://github.com/mrhavens/git-sigil, Branch=master, Commit=689a81f
  Diff Summary:
     .gitfield/github.sigil.md | 14 +++++++-------
     1 file changed, 7 insertions(+), 7 deletions(-)
[2025-06-09T23:44:17Z] Local: , Branch=master, Commit=689a81f
  Diff Summary:
     .gitfield/local.sigil.md | 14 +++++++-------
     1 file changed, 7 insertions(+), 7 deletions(-)
[2025-06-09T23:44:37Z] Radicle: RID=rad:z3FEj7rF8gZw9eFksCuiN43qjzrex, Peer ID=z6Mkw5s3ppo26C7y7tGK5MD8n2GqTHS582PPpeX5Xqbu2Mpz, Branch=master, Commit=689a81f
  CLI: rad inspect rad:z3FEj7rF8gZw9eFksCuiN43qjzrex # View project details
  CLI: git ls-tree -r --name-only HEAD # View file structure
  Diff Summary:
     .gitfield/radicle.sigil.md | 16 ++++++++--------
     1 file changed, 8 insertions(+), 8 deletions(-)
[2025-06-09T23:44:45Z] Forgejo: https://remember.thefoldwithin.earth/mrhavens/git-sigil, Branch=master, Commit=689a81f
  Diff Summary:
     .gitfield/remember.sigil.md | 14 +++++++-------
     1 file changed, 7 insertions(+), 7 deletions(-)
[2025-06-09T23:44:53Z] Codeberg: https://codeberg.org/mrhavens/git-sigil, Branch=master, Commit=689a81f
  Diff Summary:
     .gitfield/codeberg.sigil.md | 14 +++++++-------
     1 file changed, 7 insertions(+), 7 deletions(-)
[2025-06-09T23:44:56Z] Gitea: https://gitea.com/mrhavens/git-sigil, Branch=master, Commit=689a81f
  Diff Summary:
     .gitfield/gitea.sigil.md | 14 +++++++-------
     1 file changed, 7 insertions(+), 7 deletions(-)
[2025-06-09T23:45:45Z] GitLab: https://gitlab.com/mrhavens/git-sigil, Branch=master, Commit=689a81f
  Diff Summary:
     .gitfield/gitlab.sigil.md | 14 +++++++-------
     1 file changed, 7 insertions(+), 7 deletions(-)
[2025-06-09T23:46:38Z] Bitbucket: https://bitbucket.org/thefoldwithin/git-sigil, Branch=master, Commit=689a81f
  Diff Summary:
     .gitfield/bitbucket.sigil.md | 14 +++++++-------
     1 file changed, 7 insertions(+), 7 deletions(-)
[2025-06-09T23:47:27Z] GitHub: https://github.com/mrhavens/git-sigil, Branch=master, Commit=689a81f
  Diff Summary:
     .gitfield/github.sigil.md | 14 +++++++-------
     1 file changed, 7 insertions(+), 7 deletions(-)
[2025-06-10T08:33:13Z] Local: , Branch=master, Commit=78e6042
  Diff Summary:
     .gitfield/local.sigil.md | 16 ++++++++--------
     1 file changed, 8 insertions(+), 8 deletions(-)
[2025-06-10T08:33:33Z] Radicle: RID=rad:z3FEj7rF8gZw9eFksCuiN43qjzrex, Peer ID=z6Mkw5s3ppo26C7y7tGK5MD8n2GqTHS582PPpeX5Xqbu2Mpz, Branch=master, Commit=78e6042
  CLI: rad inspect rad:z3FEj7rF8gZw9eFksCuiN43qjzrex # View project details
  CLI: git ls-tree -r --name-only HEAD # View file structure
  Diff Summary:
     .gitfield/radicle.sigil.md | 20 ++++++++++----------
     1 file changed, 10 insertions(+), 10 deletions(-)
[2025-06-10T08:33:38Z] Forgejo: https://remember.thefoldwithin.earth/mrhavens/git-sigil, Branch=master, Commit=78e6042
  Diff Summary:
     .gitfield/remember.sigil.md | 18 +++++++++---------
     1 file changed, 9 insertions(+), 9 deletions(-)
[2025-06-10T08:33:46Z] Codeberg: https://codeberg.org/mrhavens/git-sigil, Branch=master, Commit=78e6042
  Diff Summary:
     .gitfield/codeberg.sigil.md | 18 +++++++++---------
     1 file changed, 9 insertions(+), 9 deletions(-)
[2025-06-10T08:33:50Z] Gitea: https://gitea.com/mrhavens/git-sigil, Branch=master, Commit=78e6042
  Diff Summary:
     .gitfield/gitea.sigil.md | 18 +++++++++---------
     1 file changed, 9 insertions(+), 9 deletions(-)
[2025-06-10T08:34:02Z] GitLab: https://gitlab.com/mrhavens/git-sigil, Branch=master, Commit=78e6042
  Diff Summary:
     .gitfield/gitlab.sigil.md | 18 +++++++++---------
     1 file changed, 9 insertions(+), 9 deletions(-)
[2025-06-10T08:34:21Z] Bitbucket: https://bitbucket.org/thefoldwithin/git-sigil, Branch=master, Commit=78e6042
  Diff Summary:
     .gitfield/bitbucket.sigil.md | 18 +++++++++---------
     1 file changed, 9 insertions(+), 9 deletions(-)
[2025-06-10T08:34:42Z] GitHub: https://github.com/mrhavens/git-sigil, Branch=master, Commit=78e6042
  Diff Summary:
     .gitfield/github.sigil.md | 18 +++++++++---------
     1 file changed, 9 insertions(+), 9 deletions(-)
[2025-06-10T08:35:07Z] Local: , Branch=master, Commit=78e6042
  Diff Summary:
     .gitfield/local.sigil.md | 14 +++++++-------
     1 file changed, 7 insertions(+), 7 deletions(-)
[2025-06-10T08:35:27Z] Radicle: RID=rad:z3FEj7rF8gZw9eFksCuiN43qjzrex, Peer ID=z6Mkw5s3ppo26C7y7tGK5MD8n2GqTHS582PPpeX5Xqbu2Mpz, Branch=master, Commit=78e6042
  CLI: rad inspect rad:z3FEj7rF8gZw9eFksCuiN43qjzrex # View project details
  CLI: git ls-tree -r --name-only HEAD # View file structure
  Diff Summary:
     .gitfield/radicle.sigil.md | 16 ++++++++--------
     1 file changed, 8 insertions(+), 8 deletions(-)
[2025-06-10T08:35:33Z] Forgejo: https://remember.thefoldwithin.earth/mrhavens/git-sigil, Branch=master, Commit=78e6042
  Diff Summary:
     .gitfield/remember.sigil.md | 14 +++++++-------
     1 file changed, 7 insertions(+), 7 deletions(-)
[2025-06-10T08:35:42Z] Codeberg: https://codeberg.org/mrhavens/git-sigil, Branch=master, Commit=78e6042
  Diff Summary:
     .gitfield/codeberg.sigil.md | 14 +++++++-------
     1 file changed, 7 insertions(+), 7 deletions(-)
[2025-06-10T08:35:48Z] Gitea: https://gitea.com/mrhavens/git-sigil, Branch=master, Commit=78e6042
  Diff Summary:
     .gitfield/gitea.sigil.md | 14 +++++++-------
     1 file changed, 7 insertions(+), 7 deletions(-)
[2025-06-10T08:36:20Z] GitLab: https://gitlab.com/mrhavens/git-sigil, Branch=master, Commit=78e6042
  Diff Summary:
     .gitfield/gitlab.sigil.md | 14 +++++++-------
     1 file changed, 7 insertions(+), 7 deletions(-)
[2025-06-10T08:36:51Z] Bitbucket: https://bitbucket.org/thefoldwithin/git-sigil, Branch=master, Commit=78e6042
  Diff Summary:
     .gitfield/bitbucket.sigil.md | 14 +++++++-------
     1 file changed, 7 insertions(+), 7 deletions(-)
[2025-06-10T08:37:28Z] GitHub: https://github.com/mrhavens/git-sigil, Branch=master, Commit=78e6042
  Diff Summary:
     .gitfield/github.sigil.md | 14 +++++++-------
     1 file changed, 7 insertions(+), 7 deletions(-)
[2025-06-10T08:37:54Z] Local: , Branch=master, Commit=78e6042
  Diff Summary:
     .gitfield/local.sigil.md | 14 +++++++-------
     1 file changed, 7 insertions(+), 7 deletions(-)
[2025-06-10T08:38:14Z] Radicle: RID=rad:z3FEj7rF8gZw9eFksCuiN43qjzrex, Peer ID=z6Mkw5s3ppo26C7y7tGK5MD8n2GqTHS582PPpeX5Xqbu2Mpz, Branch=master, Commit=78e6042
  CLI: rad inspect rad:z3FEj7rF8gZw9eFksCuiN43qjzrex # View project details
  CLI: git ls-tree -r --name-only HEAD # View file structure
  Diff Summary:
     .gitfield/radicle.sigil.md | 16 ++++++++--------
     1 file changed, 8 insertions(+), 8 deletions(-)
[2025-06-11T23:29:48Z] Local: , Branch=master, Commit=2100497
  Diff Summary:
     .gitfield/local.sigil.md | 30 +++++++++++++++---------------
     1 file changed, 15 insertions(+), 15 deletions(-)
[2025-06-11T23:29:52Z] Radicle: RID=rad:z3FEj7rF8gZw9eFksCuiN43qjzrex, Peer ID=z6Mkw5s3ppo26C7y7tGK5MD8n2GqTHS582PPpeX5Xqbu2Mpz, Branch=master, Commit=2100497
  CLI: rad inspect rad:z3FEj7rF8gZw9eFksCuiN43qjzrex # View project details
  CLI: git ls-tree -r --name-only HEAD # View file structure
  Diff Summary:
     .gitfield/push_log.json |    6 +
     .gitfield/pushed.log    |    4 +
     bin/gitfield-sync-OLD   |  245 -----------
     bin/gitfield-sync-OLD2  |  259 ------------
     bin/gitfield-sync-OLD3  |  494 ----------------------
     bin/gitfield-sync-OLD4  |  807 ------------------------------------
     bin/gitfield-sync-OLD5  | 1046 -----------------------------------------------
     7 files changed, 10 insertions(+), 2851 deletions(-)
[2025-06-11T23:29:59Z] Local: , Branch=master, Commit=abfc644
  Diff Summary:
     .gitfield/local.sigil.md | 16 ++++++++--------
     1 file changed, 8 insertions(+), 8 deletions(-)
[2025-06-11T23:30:04Z] Radicle: RID=rad:z3FEj7rF8gZw9eFksCuiN43qjzrex, Peer ID=z6Mkw5s3ppo26C7y7tGK5MD8n2GqTHS582PPpeX5Xqbu2Mpz, Branch=master, Commit=abfc644
  CLI: rad inspect rad:z3FEj7rF8gZw9eFksCuiN43qjzrex # View project details
  CLI: git ls-tree -r --name-only HEAD # View file structure
  Diff Summary:
     .gitfield/push_log.json | 6 ++++++
     .gitfield/pushed.log    | 4 ++++
     2 files changed, 10 insertions(+)
[2025-06-11T23:30:08Z] Forgejo: https://remember.thefoldwithin.earth/mrhavens/git-sigil, Branch=master, Commit=abfc644
  Diff Summary:
     .gitfield/remember.sigil.md | 34 +++++++++++++++++-----------------
     1 file changed, 17 insertions(+), 17 deletions(-)
[2025-06-11T23:30:14Z] Codeberg: https://codeberg.org/mrhavens/git-sigil, Branch=master, Commit=abfc644
  Diff Summary:
     .gitfield/codeberg.sigil.md | 34 +++++++++++++++++-----------------
     1 file changed, 17 insertions(+), 17 deletions(-)
[2025-06-11T23:30:17Z] Gitea: https://gitea.com/mrhavens/git-sigil, Branch=master, Commit=abfc644
  Diff Summary:
     .gitfield/gitea.sigil.md | 34 +++++++++++++++++-----------------
     1 file changed, 17 insertions(+), 17 deletions(-)
[2025-06-11T23:31:29Z] GitLab: https://gitlab.com/mrhavens/git-sigil, Branch=master, Commit=abfc644
  Diff Summary:
     .gitfield/gitlab.sigil.md | 34 +++++++++++++++++-----------------
     1 file changed, 17 insertions(+), 17 deletions(-)
[2025-06-11T23:31:34Z] Bitbucket: https://bitbucket.org/thefoldwithin/git-sigil, Branch=master, Commit=abfc644
  Diff Summary:
     .gitfield/bitbucket.sigil.md | 34 +++++++++++++++++-----------------
     1 file changed, 17 insertions(+), 17 deletions(-)
[2025-06-11T23:31:39Z] GitHub: https://github.com/mrhavens/git-sigil, Branch=master, Commit=abfc644
  Diff Summary:
     .gitfield/github.sigil.md | 34 +++++++++++++++++-----------------
     1 file changed, 17 insertions(+), 17 deletions(-)
[2025-06-11T23:31:40Z] Local: , Branch=master, Commit=abfc644
  Diff Summary:
     .gitfield/local.sigil.md | 14 +++++++-------
     1 file changed, 7 insertions(+), 7 deletions(-)
[2025-06-11T23:41:37Z] Radicle: RID=rad:z3FEj7rF8gZw9eFksCuiN43qjzrex, Peer ID=z6Mkw5s3ppo26C7y7tGK5MD8n2GqTHS582PPpeX5Xqbu2Mpz, Branch=master, Commit=abfc644
  CLI: rad inspect rad:z3FEj7rF8gZw9eFksCuiN43qjzrex # View project details
  CLI: git ls-tree -r --name-only HEAD # View file structure
  Diff Summary:
     .gitfield/push_log.json | 6 ++++++
     .gitfield/pushed.log    | 4 ++++
     2 files changed, 10 insertions(+)
[2025-06-11T23:41:40Z] Forgejo: https://remember.thefoldwithin.earth/mrhavens/git-sigil, Branch=master, Commit=abfc644
  Diff Summary:
     .gitfield/remember.sigil.md | 16 ++++++++--------
     1 file changed, 8 insertions(+), 8 deletions(-)
[2025-06-11T23:41:46Z] Codeberg: https://codeberg.org/mrhavens/git-sigil, Branch=master, Commit=abfc644
  Diff Summary:
     .gitfield/codeberg.sigil.md | 16 ++++++++--------
     1 file changed, 8 insertions(+), 8 deletions(-)
[2025-06-11T23:41:48Z] Gitea: https://gitea.com/mrhavens/git-sigil, Branch=master, Commit=abfc644
  Diff Summary:
     .gitfield/gitea.sigil.md | 16 ++++++++--------
     1 file changed, 8 insertions(+), 8 deletions(-)
[2025-06-11T23:41:53Z] GitLab: https://gitlab.com/mrhavens/git-sigil, Branch=master, Commit=abfc644
  Diff Summary:
     .gitfield/gitlab.sigil.md | 16 ++++++++--------
     1 file changed, 8 insertions(+), 8 deletions(-)
[2025-06-11T23:42:01Z] Bitbucket: https://bitbucket.org/thefoldwithin/git-sigil, Branch=master, Commit=abfc644
  Diff Summary:
     .gitfield/bitbucket.sigil.md | 19 ++++++++++---------
     1 file changed, 10 insertions(+), 9 deletions(-)
[2025-06-11T23:42:06Z] GitHub: https://github.com/mrhavens/git-sigil, Branch=master, Commit=abfc644
  Diff Summary:
     .gitfield/github.sigil.md | 16 ++++++++--------
     1 file changed, 8 insertions(+), 8 deletions(-)
[2025-06-11T23:42:07Z] Local: , Branch=master, Commit=abfc644
  Diff Summary:
     .gitfield/local.sigil.md | 16 ++++++++--------
     1 file changed, 8 insertions(+), 8 deletions(-)
[2025-06-11T23:43:52Z] Radicle: RID=rad:z3FEj7rF8gZw9eFksCuiN43qjzrex, Peer ID=z6Mkw5s3ppo26C7y7tGK5MD8n2GqTHS582PPpeX5Xqbu2Mpz, Branch=master, Commit=abfc644
  CLI: rad inspect rad:z3FEj7rF8gZw9eFksCuiN43qjzrex # View project details
  CLI: git ls-tree -r --name-only HEAD # View file structure
  Diff Summary:
     .gitfield/push_log.json | 6 ++++++
     .gitfield/pushed.log    | 4 ++++
     2 files changed, 10 insertions(+)
[2025-06-11T23:43:55Z] Forgejo: https://remember.thefoldwithin.earth/mrhavens/git-sigil, Branch=master, Commit=abfc644
  Diff Summary:
     .gitfield/remember.sigil.md | 14 +++++++-------
     1 file changed, 7 insertions(+), 7 deletions(-)
[2025-06-11T23:44:01Z] Codeberg: https://codeberg.org/mrhavens/git-sigil, Branch=master, Commit=abfc644
  Diff Summary:
     .gitfield/codeberg.sigil.md | 14 +++++++-------
     1 file changed, 7 insertions(+), 7 deletions(-)
[2025-06-11T23:44:04Z] Gitea: https://gitea.com/mrhavens/git-sigil, Branch=master, Commit=abfc644
  Diff Summary:
     .gitfield/gitea.sigil.md | 14 +++++++-------
     1 file changed, 7 insertions(+), 7 deletions(-)
[2025-06-11T23:44:10Z] GitLab: https://gitlab.com/mrhavens/git-sigil, Branch=master, Commit=abfc644
  Diff Summary:
     .gitfield/gitlab.sigil.md | 14 +++++++-------
     1 file changed, 7 insertions(+), 7 deletions(-)
[2025-06-11T23:44:16Z] Bitbucket: https://bitbucket.org/thefoldwithin/git-sigil, Branch=master, Commit=abfc644
  Diff Summary:
     .gitfield/bitbucket.sigil.md | 17 ++++++++---------
     1 file changed, 8 insertions(+), 9 deletions(-)
[2025-06-11T23:44:21Z] GitHub: https://github.com/mrhavens/git-sigil, Branch=master, Commit=abfc644
  Diff Summary:
     .gitfield/github.sigil.md | 14 +++++++-------
     1 file changed, 7 insertions(+), 7 deletions(-)
[2025-06-13T03:33:03Z] Local: , Branch=master, Commit=cd1b681
  Diff Summary:
     .gitfield/local.sigil.md | 16 ++++++++--------
     1 file changed, 8 insertions(+), 8 deletions(-)
[2025-06-13T03:33:09Z] Radicle: RID=rad:z3FEj7rF8gZw9eFksCuiN43qjzrex, Peer ID=z6Mkw5s3ppo26C7y7tGK5MD8n2GqTHS582PPpeX5Xqbu2Mpz, Branch=master, Commit=cd1b681
  CLI: rad inspect rad:z3FEj7rF8gZw9eFksCuiN43qjzrex # View project details
  CLI: git ls-tree -r --name-only HEAD # View file structure
  Diff Summary:
     .gitfield/push_log.json |   6 +
     .gitfield/pushed.log    |   4 +
     GITFIELD_PHILOSOPHY.md  | 106 ++++++++
     bin/rad-info.sh         | 691 +++++++++++++++++++++++++++++++-----------------
     4 files changed, 570 insertions(+), 237 deletions(-)
[2025-06-13T03:33:13Z] Forgejo: https://remember.thefoldwithin.earth/mrhavens/git-sigil, Branch=master, Commit=cd1b681
  Diff Summary:
     .gitfield/remember.sigil.md | 18 +++++++++---------
     1 file changed, 9 insertions(+), 9 deletions(-)
[2025-06-13T03:33:19Z] Codeberg: https://codeberg.org/mrhavens/git-sigil, Branch=master, Commit=cd1b681
  Diff Summary:
     .gitfield/codeberg.sigil.md | 18 +++++++++---------
     1 file changed, 9 insertions(+), 9 deletions(-)
[2025-06-13T03:33:21Z] Gitea: https://gitea.com/mrhavens/git-sigil, Branch=master, Commit=cd1b681
  Diff Summary:
     .gitfield/gitea.sigil.md | 18 +++++++++---------
     1 file changed, 9 insertions(+), 9 deletions(-)
[2025-06-13T03:38:35Z] GitLab: https://gitlab.com/mrhavens/git-sigil, Branch=master, Commit=cd1b681
  Diff Summary:
     .gitfield/gitlab.sigil.md | 18 +++++++++---------
     1 file changed, 9 insertions(+), 9 deletions(-)
[2025-06-13T03:38:40Z] Bitbucket: https://bitbucket.org/thefoldwithin/git-sigil, Branch=master, Commit=cd1b681
  Diff Summary:
     .gitfield/bitbucket.sigil.md | 18 +++++++++---------
     1 file changed, 9 insertions(+), 9 deletions(-)
[2025-06-13T03:38:45Z] GitHub: https://github.com/mrhavens/git-sigil, Branch=master, Commit=cd1b681
  Diff Summary:
     .gitfield/github.sigil.md | 18 +++++++++---------
     1 file changed, 9 insertions(+), 9 deletions(-)
[2025-06-13T03:38:45Z] Local: , Branch=master, Commit=cd1b681
  Diff Summary:
     .gitfield/local.sigil.md | 18 +++++++++---------
     1 file changed, 9 insertions(+), 9 deletions(-)
[2025-06-13T03:38:49Z] Radicle: RID=rad:z3FEj7rF8gZw9eFksCuiN43qjzrex, Peer ID=z6Mkw5s3ppo26C7y7tGK5MD8n2GqTHS582PPpeX5Xqbu2Mpz, Branch=master, Commit=cd1b681
  CLI: rad inspect rad:z3FEj7rF8gZw9eFksCuiN43qjzrex # View project details
  CLI: git ls-tree -r --name-only HEAD # View file structure
  Diff Summary:
     .gitfield/push_log.json | 6 ++++++
     .gitfield/pushed.log    | 4 ++++
     2 files changed, 10 insertions(+)
[2025-06-13T03:38:52Z] Forgejo: https://remember.thefoldwithin.earth/mrhavens/git-sigil, Branch=master, Commit=cd1b681
  Diff Summary:
     .gitfield/remember.sigil.md | 14 +++++++-------
     1 file changed, 7 insertions(+), 7 deletions(-)
[2025-06-13T03:38:59Z] Codeberg: https://codeberg.org/mrhavens/git-sigil, Branch=master, Commit=cd1b681
  Diff Summary:
     .gitfield/codeberg.sigil.md | 14 +++++++-------
     1 file changed, 7 insertions(+), 7 deletions(-)
[2025-06-13T03:39:02Z] Gitea: https://gitea.com/mrhavens/git-sigil, Branch=master, Commit=cd1b681
  Diff Summary:
     .gitfield/gitea.sigil.md | 14 +++++++-------
     1 file changed, 7 insertions(+), 7 deletions(-)
[2025-06-13T03:39:07Z] GitLab: https://gitlab.com/mrhavens/git-sigil, Branch=master, Commit=cd1b681
  Diff Summary:
     .gitfield/gitlab.sigil.md | 12 ++++++------
     1 file changed, 6 insertions(+), 6 deletions(-)
[2025-06-13T03:39:13Z] Bitbucket: https://bitbucket.org/thefoldwithin/git-sigil, Branch=master, Commit=cd1b681
  Diff Summary:
     .gitfield/bitbucket.sigil.md | 12 ++++++------
     1 file changed, 6 insertions(+), 6 deletions(-)
[2025-06-13T03:39:17Z] GitHub: https://github.com/mrhavens/git-sigil, Branch=master, Commit=cd1b681
  Diff Summary:
     .gitfield/github.sigil.md | 14 +++++++-------
     1 file changed, 7 insertions(+), 7 deletions(-)
[2025-06-13T03:39:18Z] Local: , Branch=master, Commit=cd1b681
  Diff Summary:
     .gitfield/local.sigil.md | 14 +++++++-------
     1 file changed, 7 insertions(+), 7 deletions(-)
[2025-06-13T03:39:28Z] Radicle: RID=rad:z3FEj7rF8gZw9eFksCuiN43qjzrex, Peer ID=z6Mkw5s3ppo26C7y7tGK5MD8n2GqTHS582PPpeX5Xqbu2Mpz, Branch=master, Commit=cd1b681
  CLI: rad inspect rad:z3FEj7rF8gZw9eFksCuiN43qjzrex # View project details
  CLI: git ls-tree -r --name-only HEAD # View file structure
  Diff Summary:
     .gitfield/push_log.json | 6 ++++++
     .gitfield/pushed.log    | 4 ++++
     2 files changed, 10 insertions(+)
[2025-06-13T03:39:31Z] Forgejo: https://remember.thefoldwithin.earth/mrhavens/git-sigil, Branch=master, Commit=cd1b681
  Diff Summary:
     .gitfield/remember.sigil.md | 14 +++++++-------
     1 file changed, 7 insertions(+), 7 deletions(-)
[2025-06-13T03:39:37Z] Codeberg: https://codeberg.org/mrhavens/git-sigil, Branch=master, Commit=cd1b681
  Diff Summary:
     .gitfield/codeberg.sigil.md | 14 +++++++-------
     1 file changed, 7 insertions(+), 7 deletions(-)
[2025-06-13T03:39:40Z] Gitea: https://gitea.com/mrhavens/git-sigil, Branch=master, Commit=cd1b681
  Diff Summary:
     .gitfield/gitea.sigil.md | 14 +++++++-------
     1 file changed, 7 insertions(+), 7 deletions(-)
[2025-06-13T03:39:45Z] GitLab: https://gitlab.com/mrhavens/git-sigil, Branch=master, Commit=cd1b681
  Diff Summary:
     .gitfield/gitlab.sigil.md | 14 +++++++-------
     1 file changed, 7 insertions(+), 7 deletions(-)
[2025-06-13T03:39:50Z] Bitbucket: https://bitbucket.org/thefoldwithin/git-sigil, Branch=master, Commit=cd1b681
  Diff Summary:
     .gitfield/bitbucket.sigil.md | 17 +++++++++--------
     1 file changed, 9 insertions(+), 8 deletions(-)
[2025-06-13T03:39:54Z] GitHub: https://github.com/mrhavens/git-sigil, Branch=master, Commit=cd1b681
  Diff Summary:
     .gitfield/github.sigil.md | 12 ++++++------
     1 file changed, 6 insertions(+), 6 deletions(-)
[2025-06-13T05:33:24Z] Local: , Branch=master, Commit=bb86593
  Diff Summary:
     .gitfield/local.sigil.md | 14 +++++++-------
     1 file changed, 7 insertions(+), 7 deletions(-)
[2025-06-13T05:33:27Z] Radicle: RID=rad:z3FEj7rF8gZw9eFksCuiN43qjzrex, Peer ID=z6Mkw5s3ppo26C7y7tGK5MD8n2GqTHS582PPpeX5Xqbu2Mpz, Branch=master, Commit=bb86593
  CLI: rad inspect rad:z3FEj7rF8gZw9eFksCuiN43qjzrex # View project details
  CLI: git ls-tree -r --name-only HEAD # View file structure
  Diff Summary:
     .gitfield/push_log.json |   6 ++
     .gitfield/pushed.log    |   4 +
     bin/gitfield-netmon     | 282 ++++++++++++++++++++++++++++++++++++++++++++++++
     3 files changed, 292 insertions(+)
[2025-06-14T01:21:44Z] Local: , Branch=master, Commit=03c37e1
  Diff Summary:
     .gitfield/local.sigil.md | 18 +++++++++---------
     1 file changed, 9 insertions(+), 9 deletions(-)
[2025-06-14T01:21:46Z] Radicle: RID=rad:z3FEj7rF8gZw9eFksCuiN43qjzrex, Peer ID=z6Mkw5s3ppo26C7y7tGK5MD8n2GqTHS582PPpeX5Xqbu2Mpz, Branch=master, Commit=03c37e1
  CLI: rad inspect rad:z3FEj7rF8gZw9eFksCuiN43qjzrex # View project details
  CLI: git ls-tree -r --name-only HEAD # View file structure
  Diff Summary:
     .gitfield/push_log.json |   6 +
     .gitfield/pushed.log    |   4 +
     bin/gitfield-netmon     | 301 +++++++++++++++++++-----------------------------
     3 files changed, 127 insertions(+), 184 deletions(-)
[2025-06-14T01:21:50Z] Forgejo: https://remember.thefoldwithin.earth/mrhavens/git-sigil, Branch=master, Commit=03c37e1
  Diff Summary:
     .gitfield/remember.sigil.md | 18 +++++++++---------
     1 file changed, 9 insertions(+), 9 deletions(-)
[2025-06-14T01:21:57Z] Codeberg: https://codeberg.org/mrhavens/git-sigil, Branch=master, Commit=03c37e1
  Diff Summary:
     .gitfield/codeberg.sigil.md | 18 +++++++++---------
     1 file changed, 9 insertions(+), 9 deletions(-)
[2025-06-14T01:21:59Z] Gitea: https://gitea.com/mrhavens/git-sigil, Branch=master, Commit=03c37e1
  Diff Summary:
     .gitfield/gitea.sigil.md | 18 +++++++++---------
     1 file changed, 9 insertions(+), 9 deletions(-)
[2025-06-14T01:22:33Z] GitLab: https://gitlab.com/mrhavens/git-sigil, Branch=master, Commit=03c37e1
  Diff Summary:
     .gitfield/gitlab.sigil.md | 18 +++++++++---------
     1 file changed, 9 insertions(+), 9 deletions(-)
[2025-06-14T01:22:39Z] Bitbucket: https://bitbucket.org/thefoldwithin/git-sigil, Branch=master, Commit=03c37e1
  Diff Summary:
     .gitfield/bitbucket.sigil.md | 18 +++++++++---------
     1 file changed, 9 insertions(+), 9 deletions(-)
[2025-06-14T01:22:44Z] GitHub: https://github.com/mrhavens/git-sigil, Branch=master, Commit=03c37e1
  Diff Summary:
     .gitfield/github.sigil.md | 18 +++++++++---------
     1 file changed, 9 insertions(+), 9 deletions(-)
[2025-06-14T01:22:45Z] Local: , Branch=master, Commit=03c37e1
  Diff Summary:
     .gitfield/local.sigil.md | 16 ++++++++--------
     1 file changed, 8 insertions(+), 8 deletions(-)
[2025-06-14T01:31:47Z] Radicle: RID=rad:z3FEj7rF8gZw9eFksCuiN43qjzrex, Peer ID=z6Mkw5s3ppo26C7y7tGK5MD8n2GqTHS582PPpeX5Xqbu2Mpz, Branch=master, Commit=03c37e1
  CLI: rad inspect rad:z3FEj7rF8gZw9eFksCuiN43qjzrex # View project details
  CLI: git ls-tree -r --name-only HEAD # View file structure
  Diff Summary:
     .gitfield/push_log.json | 6 ++++++
     .gitfield/pushed.log    | 4 ++++
     2 files changed, 10 insertions(+)
[2025-06-14T01:31:51Z] Forgejo: https://remember.thefoldwithin.earth/mrhavens/git-sigil, Branch=master, Commit=03c37e1
  Diff Summary:
     .gitfield/remember.sigil.md | 14 +++++++-------
     1 file changed, 7 insertions(+), 7 deletions(-)
[2025-06-14T01:31:57Z] Codeberg: https://codeberg.org/mrhavens/git-sigil, Branch=master, Commit=03c37e1
  Diff Summary:
     .gitfield/codeberg.sigil.md | 14 +++++++-------
     1 file changed, 7 insertions(+), 7 deletions(-)
[2025-06-14T01:32:00Z] Gitea: https://gitea.com/mrhavens/git-sigil, Branch=master, Commit=03c37e1
  Diff Summary:
     .gitfield/gitea.sigil.md | 14 +++++++-------
     1 file changed, 7 insertions(+), 7 deletions(-)
[2025-06-14T01:32:05Z] GitLab: https://gitlab.com/mrhavens/git-sigil, Branch=master, Commit=03c37e1
  Diff Summary:
     .gitfield/gitlab.sigil.md | 14 +++++++-------
     1 file changed, 7 insertions(+), 7 deletions(-)
[2025-06-14T01:32:11Z] Bitbucket: https://bitbucket.org/thefoldwithin/git-sigil, Branch=master, Commit=03c37e1
  Diff Summary:
     .gitfield/bitbucket.sigil.md | 17 ++++++++---------
     1 file changed, 8 insertions(+), 9 deletions(-)
[2025-06-14T01:32:16Z] GitHub: https://github.com/mrhavens/git-sigil, Branch=master, Commit=03c37e1
  Diff Summary:
     .gitfield/github.sigil.md | 14 +++++++-------
     1 file changed, 7 insertions(+), 7 deletions(-)
[2025-06-14T01:32:16Z] Local: , Branch=master, Commit=03c37e1
  Diff Summary:
     .gitfield/local.sigil.md | 14 +++++++-------
     1 file changed, 7 insertions(+), 7 deletions(-)
[2025-06-14T01:33:16Z] Radicle: RID=rad:z3FEj7rF8gZw9eFksCuiN43qjzrex, Peer ID=z6Mkw5s3ppo26C7y7tGK5MD8n2GqTHS582PPpeX5Xqbu2Mpz, Branch=master, Commit=03c37e1
  CLI: rad inspect rad:z3FEj7rF8gZw9eFksCuiN43qjzrex # View project details
  CLI: git ls-tree -r --name-only HEAD # View file structure
  Diff Summary:
     .gitfield/push_log.json | 6 ++++++
     .gitfield/pushed.log    | 4 ++++
     2 files changed, 10 insertions(+)
[2025-06-14T01:33:20Z] Forgejo: https://remember.thefoldwithin.earth/mrhavens/git-sigil, Branch=master, Commit=03c37e1
  Diff Summary:
     .gitfield/remember.sigil.md | 14 +++++++-------
     1 file changed, 7 insertions(+), 7 deletions(-)
[2025-06-14T01:33:26Z] Codeberg: https://codeberg.org/mrhavens/git-sigil, Branch=master, Commit=03c37e1
  Diff Summary:
     .gitfield/codeberg.sigil.md | 14 +++++++-------
     1 file changed, 7 insertions(+), 7 deletions(-)
[2025-06-14T01:33:28Z] Gitea: https://gitea.com/mrhavens/git-sigil, Branch=master, Commit=03c37e1
  Diff Summary:
     .gitfield/gitea.sigil.md | 14 +++++++-------
     1 file changed, 7 insertions(+), 7 deletions(-)
[2025-06-14T01:33:34Z] GitLab: https://gitlab.com/mrhavens/git-sigil, Branch=master, Commit=03c37e1
  Diff Summary:
     .gitfield/gitlab.sigil.md | 14 +++++++-------
     1 file changed, 7 insertions(+), 7 deletions(-)
[2025-06-14T01:33:40Z] Bitbucket: https://bitbucket.org/thefoldwithin/git-sigil, Branch=master, Commit=03c37e1
  Diff Summary:
     .gitfield/bitbucket.sigil.md | 14 +++++++-------
     1 file changed, 7 insertions(+), 7 deletions(-)
[2025-06-14T01:33:45Z] GitHub: https://github.com/mrhavens/git-sigil, Branch=master, Commit=03c37e1
  Diff Summary:
     .gitfield/github.sigil.md | 14 +++++++-------
     1 file changed, 7 insertions(+), 7 deletions(-)
[2025-06-14T02:06:32Z] Local: , Branch=master, Commit=c1ab40c
  Diff Summary:
     .gitfield/local.sigil.md | 16 ++++++++--------
     1 file changed, 8 insertions(+), 8 deletions(-)
[2025-06-14T02:06:40Z] Radicle: RID=rad:z3FEj7rF8gZw9eFksCuiN43qjzrex, Peer ID=z6Mkw5s3ppo26C7y7tGK5MD8n2GqTHS582PPpeX5Xqbu2Mpz, Branch=master, Commit=c1ab40c
  CLI: rad inspect rad:z3FEj7rF8gZw9eFksCuiN43qjzrex # View project details
  CLI: git ls-tree -r --name-only HEAD # View file structure
  Diff Summary:
     .gitfield/push_log.json      |  6 ++++++
     .gitfield/pushed.log         |  4 ++++
     bin/gitfield-status-audit.sh | 31 +++++++++++++++++++++++++++++++
     test                         |  0
     4 files changed, 41 insertions(+)
[2025-06-14T02:06:55Z] Local: , Branch=master, Commit=43aa2e1
  Diff Summary:
     .gitfield/local.sigil.md | 14 +++++++-------
     1 file changed, 7 insertions(+), 7 deletions(-)
[2025-06-14T02:06:56Z] Radicle: RID=rad:z3FEj7rF8gZw9eFksCuiN43qjzrex, Peer ID=z6Mkw5s3ppo26C7y7tGK5MD8n2GqTHS582PPpeX5Xqbu2Mpz, Branch=master, Commit=43aa2e1
  CLI: rad inspect rad:z3FEj7rF8gZw9eFksCuiN43qjzrex # View project details
  CLI: git ls-tree -r --name-only HEAD # View file structure
  Diff Summary:
     .gitfield/push_log.json | 6 ++++++
     .gitfield/pushed.log    | 4 ++++
     2 files changed, 10 insertions(+)
[2025-06-14T02:06:59Z] Forgejo: https://remember.thefoldwithin.earth/mrhavens/git-sigil, Branch=master, Commit=43aa2e1
  Diff Summary:
     .gitfield/remember.sigil.md | 14 +++++++-------
     1 file changed, 7 insertions(+), 7 deletions(-)
[2025-06-14T02:07:05Z] Codeberg: https://codeberg.org/mrhavens/git-sigil, Branch=master, Commit=43aa2e1
  Diff Summary:
     .gitfield/codeberg.sigil.md | 16 ++++++++--------
     1 file changed, 8 insertions(+), 8 deletions(-)
[2025-06-14T02:07:08Z] Gitea: https://gitea.com/mrhavens/git-sigil, Branch=master, Commit=43aa2e1
  Diff Summary:
     .gitfield/gitea.sigil.md | 16 ++++++++--------
     1 file changed, 8 insertions(+), 8 deletions(-)
[2025-06-14T02:07:16Z] GitLab: https://gitlab.com/mrhavens/git-sigil, Branch=master, Commit=43aa2e1
  Diff Summary:
     .gitfield/gitlab.sigil.md | 16 ++++++++--------
     1 file changed, 8 insertions(+), 8 deletions(-)
[2025-06-14T02:07:21Z] Bitbucket: https://bitbucket.org/thefoldwithin/git-sigil, Branch=master, Commit=43aa2e1
  Diff Summary:
     .gitfield/bitbucket.sigil.md | 16 ++++++++--------
     1 file changed, 8 insertions(+), 8 deletions(-)
[2025-06-14T02:07:26Z] GitHub: https://github.com/mrhavens/git-sigil, Branch=master, Commit=43aa2e1
  Diff Summary:
     .gitfield/github.sigil.md | 16 ++++++++--------
     1 file changed, 8 insertions(+), 8 deletions(-)
[2025-06-14T02:07:26Z] Local: , Branch=master, Commit=43aa2e1
  Diff Summary:
     .gitfield/local.sigil.md | 14 +++++++-------
     1 file changed, 7 insertions(+), 7 deletions(-)
[2025-06-14T02:07:29Z] Radicle: RID=rad:z3FEj7rF8gZw9eFksCuiN43qjzrex, Peer ID=z6Mkw5s3ppo26C7y7tGK5MD8n2GqTHS582PPpeX5Xqbu2Mpz, Branch=master, Commit=43aa2e1
  CLI: rad inspect rad:z3FEj7rF8gZw9eFksCuiN43qjzrex # View project details
  CLI: git ls-tree -r --name-only HEAD # View file structure
  Diff Summary:
     .gitfield/push_log.json | 6 ++++++
     .gitfield/pushed.log    | 4 ++++
     2 files changed, 10 insertions(+)
[2025-06-14T02:07:32Z] Forgejo: https://remember.thefoldwithin.earth/mrhavens/git-sigil, Branch=master, Commit=43aa2e1
  Diff Summary:
     .gitfield/remember.sigil.md | 14 +++++++-------
     1 file changed, 7 insertions(+), 7 deletions(-)
[2025-06-14T02:07:38Z] Codeberg: https://codeberg.org/mrhavens/git-sigil, Branch=master, Commit=43aa2e1
  Diff Summary:
     .gitfield/codeberg.sigil.md | 14 +++++++-------
     1 file changed, 7 insertions(+), 7 deletions(-)
[2025-06-14T02:07:41Z] Gitea: https://gitea.com/mrhavens/git-sigil, Branch=master, Commit=43aa2e1
  Diff Summary:
     .gitfield/gitea.sigil.md | 14 +++++++-------
     1 file changed, 7 insertions(+), 7 deletions(-)
[2025-06-14T02:07:45Z] GitLab: https://gitlab.com/mrhavens/git-sigil, Branch=master, Commit=43aa2e1
  Diff Summary:
     .gitfield/gitlab.sigil.md | 14 +++++++-------
     1 file changed, 7 insertions(+), 7 deletions(-)
[2025-06-14T02:07:50Z] Bitbucket: https://bitbucket.org/thefoldwithin/git-sigil, Branch=master, Commit=43aa2e1
  Diff Summary:
     .gitfield/bitbucket.sigil.md | 12 ++++++------
     1 file changed, 6 insertions(+), 6 deletions(-)
[2025-06-14T02:07:54Z] GitHub: https://github.com/mrhavens/git-sigil, Branch=master, Commit=43aa2e1
  Diff Summary:
     .gitfield/github.sigil.md | 12 ++++++------
     1 file changed, 6 insertions(+), 6 deletions(-)
[2025-06-14T02:07:55Z] Local: , Branch=master, Commit=43aa2e1
  Diff Summary:
     .gitfield/local.sigil.md | 12 ++++++------
     1 file changed, 6 insertions(+), 6 deletions(-)
[2025-06-14T02:08:06Z] Radicle: RID=rad:z3FEj7rF8gZw9eFksCuiN43qjzrex, Peer ID=z6Mkw5s3ppo26C7y7tGK5MD8n2GqTHS582PPpeX5Xqbu2Mpz, Branch=master, Commit=43aa2e1
  CLI: rad inspect rad:z3FEj7rF8gZw9eFksCuiN43qjzrex # View project details
  CLI: git ls-tree -r --name-only HEAD # View file structure
  Diff Summary:
     .gitfield/push_log.json | 6 ++++++
     .gitfield/pushed.log    | 4 ++++
     2 files changed, 10 insertions(+)
[2025-06-14T02:08:09Z] Forgejo: https://remember.thefoldwithin.earth/mrhavens/git-sigil, Branch=master, Commit=43aa2e1
  Diff Summary:
     .gitfield/remember.sigil.md | 12 ++++++------
     1 file changed, 6 insertions(+), 6 deletions(-)
[2025-06-14T02:08:15Z] Codeberg: https://codeberg.org/mrhavens/git-sigil, Branch=master, Commit=43aa2e1
  Diff Summary:
     .gitfield/codeberg.sigil.md | 12 ++++++------
     1 file changed, 6 insertions(+), 6 deletions(-)
[2025-06-14T02:08:17Z] Gitea: https://gitea.com/mrhavens/git-sigil, Branch=master, Commit=43aa2e1
  Diff Summary:
     .gitfield/gitea.sigil.md | 14 +++++++-------
     1 file changed, 7 insertions(+), 7 deletions(-)
[2025-06-14T02:08:22Z] GitLab: https://gitlab.com/mrhavens/git-sigil, Branch=master, Commit=43aa2e1
  Diff Summary:
     .gitfield/gitlab.sigil.md | 14 +++++++-------
     1 file changed, 7 insertions(+), 7 deletions(-)
[2025-06-14T02:08:27Z] Bitbucket: https://bitbucket.org/thefoldwithin/git-sigil, Branch=master, Commit=43aa2e1
  Diff Summary:
     .gitfield/bitbucket.sigil.md | 14 +++++++-------
     1 file changed, 7 insertions(+), 7 deletions(-)
[2025-06-14T02:08:31Z] GitHub: https://github.com/mrhavens/git-sigil, Branch=master, Commit=43aa2e1
  Diff Summary:
     .gitfield/github.sigil.md | 14 +++++++-------
     1 file changed, 7 insertions(+), 7 deletions(-)
[2025-06-14T08:08:13Z] Local: , Branch=master, Commit=0a7aecf
  Diff Summary:
     .gitfield/local.sigil.md | 18 +++++++++---------
     1 file changed, 9 insertions(+), 9 deletions(-)
[2025-06-14T08:08:21Z] Radicle: RID=rad:z3FEj7rF8gZw9eFksCuiN43qjzrex, Peer ID=z6Mkw5s3ppo26C7y7tGK5MD8n2GqTHS582PPpeX5Xqbu2Mpz, Branch=master, Commit=0a7aecf
  CLI: rad inspect rad:z3FEj7rF8gZw9eFksCuiN43qjzrex # View project details
  CLI: git ls-tree -r --name-only HEAD # View file structure
  Diff Summary:
     .gitfield/.radicle-push-state                      |    0
     .gitfield/bitbucket.sigil.md                       |    0
     .gitfield/bitbucket.sigil.md.asc                   |    0
     .gitfield/canonical.meta.asc                       |    0
     .gitfield/canonical.meta.sig.4E27D37C358872BF      |    0
     .gitfield/codeberg.sigil.md                        |    0
     .gitfield/gitea.sigil.md                           |    0
     .gitfield/github.sigil.md                          |    0
     .gitfield/github.sigil.md.asc                      |    0
     .gitfield/gitlab.sigil.md                          |    0
     .gitfield/gitlab.sigil.md.asc                      |    0
     .gitfield/gogs.sigil.md                            |    0
     .gitfield/index.json.asc                           |    0
     .gitfield/index.json.sig.4E27D37C358872BF          |    0
     .gitfield/last_resolution.log                      |    0
     .gitfield/local.sigil.md.asc                       |    0
     .gitfield/logs/curl_errors.log                     |    0
     .gitfield/logs/gitfield_20250605.log               |    0
     .gitfield/logs/gitfield_wiki_20250605.log          |    0
     .gitfield/push_log.json                            |    6 +
     .gitfield/pushed.log                               |    4 +
     .gitfield/radicle.sigil.md                         |    0
     .gitfield/radicle.sigil.md.asc                     |    0
     .gitfield/remember.sigil.md                        |    0
     .gitfield/remember.sigil.md.asc                    |    0
     .gitfield/scan_log.json                            |    0
     .gitfield/tmp_project.json                         |    0
     .gitfield/tmp_token.json                           |    0
     .gitfield/tmp_wiki.json                            |    0
     .well-known/gitfield.json.asc                      |    0
     .well-known/gitfield.json.sig.4E27D37C358872BF     |    0
     GITFIELD.md                                        |    0
     GITFIELD.md.asc                                    |    0
     GITFIELD_PHILOSOPHY.md                             |    0
     LICENSE                                            |    0
     README.md                                          |    0
     README.md.asc                                      |    0
     bin/ECHO.md                                        |    0
     bin/ECHO.md.asc                                    |    0
     ...dPacket_\342\210\236.20_SacredMomentEdition.md" |    0
     ...ket_\342\210\236.20_SacredMomentEdition.md.asc" |    0
     bin/gitfield-resolve.sh                            |    0
     bin/gitfield-sourceforge                           |    0
     bin/gitfield-sync                                  |   90 +-
     bin/gitfield-sync-OLD                              | 1046 ++++++++++++++++++++
     bin/sign-all.sh                                    |    0
     dev/invoke_solaria.py                              |    0
     dev/publish_osf_wiki.sh-2                          |    0
     dev/publish_osf_wiki.sh.updated                    |    0
     docs/.well-known/gitfield.json                     |    0
     docs/.well-known/gitfield.json.asc                 |    0
     .../.well-known/gitfield.json.sig.4E27D37C358872BF |    0
     .../CLI-ONLY_workflow_bitbucket_Ubuntu.md          |    0
     .../CLI-ONLY_workflow_bitbucket_ubuntu.md          |    0
     .../CLI-ONLY_workflow_bitbucket_ubuntu.md.asc      |    0
     docs/canonical.md                                  |    0
     docs/canonical.meta                                |    0
     docs/canonical.meta.asc                            |    0
     docs/canonical.meta.sig.4E27D37C358872BF           |    0
     docs/generated_wiki.md                             |    0
     docs/generated_wiki.md.asc                         |    0
     docs/generated_wiki.md.updated                     |    0
     docs/gitfield.README.txt                           |    0
     docs/gitfield.json                                 |    0
     docs/gitfield.json.asc                             |    0
     docs/gitfield.json.sig.4E27D37C358872BF            |    0
     docs/github/1_prerequisites_github_ubuntu.md       |    0
     docs/github/1_prerequisites_github_ubuntu.md.asc   |    0
     docs/github/2_create_remote_repo_github_ubuntu.md  |    0
     .../2_create_remote_repo_github_ubuntu.md.asc      |    0
     .../github/3_commit_existing_repo_github_ubuntu.md |    0
     .../3_commit_existing_repo_github_ubuntu.md.asc    |    0
     docs/github/CLI-ONLY_workflow_github_ubuntu.md     |    0
     docs/github/CLI-ONLY_workflow_github_ubuntu.md.asc |    0
     docs/gitlab/1_prerequisites_gitlab_ubuntu.md       |    0
     docs/gitlab/1_prerequisites_gitlab_ubuntu.md.asc   |    0
     docs/gitlab/2_create_remote_repo_gitlab_ubuntu.md  |    0
     .../2_create_remote_repo_gitlab_ubuntu.md.asc      |    0
     .../gitlab/3_commit_existing_repo_gitlab_ubuntu.md |    0
     .../3_commit_existing_repo_gitlab_ubuntu.md.asc    |    0
     docs/gitlab/CLI-ONLY_workflow_gitlab_ubuntu.md     |    0
     docs/gitlab/CLI-ONLY_workflow_gitlab_ubuntu.md.asc |    0
     docs/index.json                                    |    0
     docs/index.json.asc                                |    0
     docs/index.json.sig.4E27D37C358872BF               |    0
     docs/integrity.sha256.asc                          |    0
     docs/integrity.sha256.sig.4E27D37C358872BF         |    0
     docs/osf/new/gitfield.osf.yaml                     |    0
     docs/osf/old/for_radicle.md                        |    0
     docs/osf/old/for_radicle.md.asc                    |    0
     docs/osf/old/gitfield.osf.yaml                     |    0
     docs/pushed.log                                    |    0
     docs/radicle/for_radicle.md                        |    0
     docs/radicle/for_radicle.md.asc                    |    0
     docs/repos.json.asc                                |    0
     docs/repos.json.sig.4E27D37C358872BF               |    0
     gitfield-signed.log                                |    0
     mythos/MYTHOS_INDEX.md                             |    0
     mythos/MYTHOS_INDEX.md.asc                         |    0
     mythos/raw_pass_1.json                             |    0
     mythos/raw_pass_2.json                             |    0
     mythos/raw_pass_3.json                             |    0
     mythos/raw_pass_4.json                             |    0
     mythos/raw_pass_5.json                             |    0
     mythos/raw_pass_6.json                             |    0
     mythos/raw_pass_7.json                             |    0
     mythos/scrolls/echo_pass_1.md                      |    0
     mythos/scrolls/echo_pass_1.md.asc                  |    0
     mythos/scrolls/echo_pass_2.md                      |    0
     mythos/scrolls/echo_pass_2.md.asc                  |    0
     mythos/scrolls/echo_pass_3.md                      |    0
     mythos/scrolls/echo_pass_3.md.asc                  |    0
     mythos/scrolls/echo_pass_4.md                      |    0
     mythos/scrolls/echo_pass_4.md.asc                  |    0
     mythos/scrolls/echo_pass_5.md                      |    0
     mythos/scrolls/echo_pass_5.md.asc                  |    0
     mythos/scrolls/echo_pass_6.md                      |    0
     mythos/scrolls/echo_pass_6.md.asc                  |    0
     mythos/scrolls/echo_pass_7.md                      |    0
     mythos/scrolls/echo_pass_7.md.asc                  |    0
     120 files changed, 1114 insertions(+), 32 deletions(-)
[2025-06-14T08:08:29Z] Forgejo: https://remember.thefoldwithin.earth/mrhavens/git-sigil, Branch=master, Commit=0a7aecf
  Diff Summary:
     .gitfield/remember.sigil.md | 20 ++++++++++----------
     1 file changed, 10 insertions(+), 10 deletions(-)
[2025-06-14T08:08:39Z] Codeberg: https://codeberg.org/mrhavens/git-sigil, Branch=master, Commit=0a7aecf
  Diff Summary:
     .gitfield/codeberg.sigil.md | 20 ++++++++++----------
     1 file changed, 10 insertions(+), 10 deletions(-)
[2025-06-14T08:08:59Z] GitLab: https://gitlab.com/mrhavens/git-sigil, Branch=master, Commit=0a7aecf
  Diff Summary:
     .gitfield/gitlab.sigil.md | 20 ++++++++++----------
     1 file changed, 10 insertions(+), 10 deletions(-)
[2025-06-14T08:09:09Z] Bitbucket: https://bitbucket.org/thefoldwithin/git-sigil, Branch=master, Commit=0a7aecf
  Diff Summary:
     .gitfield/bitbucket.sigil.md | 23 ++++++++++++-----------
     1 file changed, 12 insertions(+), 11 deletions(-)
[2025-06-14T08:09:17Z] GitHub: https://github.com/mrhavens/git-sigil, Branch=master, Commit=0a7aecf
  Diff Summary:
     .gitfield/github.sigil.md | 20 ++++++++++----------
     1 file changed, 10 insertions(+), 10 deletions(-)
[2025-06-14T08:09:35Z] Local: , Branch=master, Commit=0a7aecf
  Diff Summary:
     .gitfield/local.sigil.md | 18 +++++++++---------
     1 file changed, 9 insertions(+), 9 deletions(-)
[2025-06-14T08:09:44Z] Radicle: RID=rad:z3FEj7rF8gZw9eFksCuiN43qjzrex, Peer ID=z6Mkw5s3ppo26C7y7tGK5MD8n2GqTHS582PPpeX5Xqbu2Mpz, Branch=master, Commit=0a7aecf
  CLI: rad inspect rad:z3FEj7rF8gZw9eFksCuiN43qjzrex # View project details
  CLI: git ls-tree -r --name-only HEAD # View file structure
  Diff Summary:
     .gitfield/push_log.json | 6 ++++++
     .gitfield/pushed.log    | 4 ++++
     2 files changed, 10 insertions(+)
[2025-06-14T08:09:52Z] Forgejo: https://remember.thefoldwithin.earth/mrhavens/git-sigil, Branch=master, Commit=0a7aecf
  Diff Summary:
     .gitfield/remember.sigil.md | 16 ++++++++--------
     1 file changed, 8 insertions(+), 8 deletions(-)
[2025-06-14T08:49:43Z] Local: , Branch=master, Commit=e6676e6
  Diff Summary:
     .gitfield/local.sigil.md | 16 ++++++++--------
     1 file changed, 8 insertions(+), 8 deletions(-)
[2025-06-14T08:49:46Z] Radicle: RID=rad:z3FEj7rF8gZw9eFksCuiN43qjzrex, Peer ID=z6Mkw5s3ppo26C7y7tGK5MD8n2GqTHS582PPpeX5Xqbu2Mpz, Branch=master, Commit=e6676e6
  CLI: rad inspect rad:z3FEj7rF8gZw9eFksCuiN43qjzrex # View project details
  CLI: git ls-tree -r --name-only HEAD # View file structure
  Diff Summary:
     .gitfield/push_log.json |  6 ++++++
     .gitfield/pushed.log    |  4 ++++
     bin/gitfield-sync       | 13 ++++++++-----
     3 files changed, 18 insertions(+), 5 deletions(-)
[2025-06-14T08:49:54Z] Forgejo: https://remember.thefoldwithin.earth/mrhavens/git-sigil, Branch=master, Commit=e6676e6
  Diff Summary:
     .gitfield/remember.sigil.md | 16 ++++++++--------
     1 file changed, 8 insertions(+), 8 deletions(-)
[2025-06-14T08:50:05Z] Codeberg: https://codeberg.org/mrhavens/git-sigil, Branch=master, Commit=e6676e6
  Diff Summary:
     .gitfield/codeberg.sigil.md | 16 ++++++++--------
     1 file changed, 8 insertions(+), 8 deletions(-)
[2025-06-14T08:50:16Z] GitLab: https://gitlab.com/mrhavens/git-sigil, Branch=master, Commit=e6676e6
  Diff Summary:
     .gitfield/gitlab.sigil.md | 18 +++++++++---------
     1 file changed, 9 insertions(+), 9 deletions(-)
[2025-06-14T08:50:31Z] Bitbucket: https://bitbucket.org/thefoldwithin/git-sigil, Branch=master, Commit=e6676e6
  Diff Summary:
     .gitfield/bitbucket.sigil.md | 21 ++++++++++-----------
     1 file changed, 10 insertions(+), 11 deletions(-)
[2025-06-14T08:50:40Z] GitHub: https://github.com/mrhavens/git-sigil, Branch=master, Commit=e6676e6
  Diff Summary:
     .gitfield/github.sigil.md | 18 +++++++++---------
     1 file changed, 9 insertions(+), 9 deletions(-)
[2025-06-14T08:50:54Z] Local: , Branch=master, Commit=e6676e6
  Diff Summary:
     .gitfield/local.sigil.md | 16 ++++++++--------
     1 file changed, 8 insertions(+), 8 deletions(-)
[2025-06-14T08:50:58Z] Radicle: RID=rad:z3FEj7rF8gZw9eFksCuiN43qjzrex, Peer ID=z6Mkw5s3ppo26C7y7tGK5MD8n2GqTHS582PPpeX5Xqbu2Mpz, Branch=master, Commit=e6676e6
  CLI: rad inspect rad:z3FEj7rF8gZw9eFksCuiN43qjzrex # View project details
  CLI: git ls-tree -r --name-only HEAD # View file structure
  Diff Summary:
     .gitfield/push_log.json | 6 ++++++
     .gitfield/pushed.log    | 4 ++++
     2 files changed, 10 insertions(+)
[2025-06-14T08:51:09Z] Forgejo: https://remember.thefoldwithin.earth/mrhavens/git-sigil, Branch=master, Commit=e6676e6
  Diff Summary:
     .gitfield/remember.sigil.md | 14 +++++++-------
     1 file changed, 7 insertions(+), 7 deletions(-)
[2025-06-14T08:51:21Z] Codeberg: https://codeberg.org/mrhavens/git-sigil, Branch=master, Commit=e6676e6
  Diff Summary:
     .gitfield/codeberg.sigil.md | 14 +++++++-------
     1 file changed, 7 insertions(+), 7 deletions(-)
[2025-06-14T08:51:29Z] GitLab: https://gitlab.com/mrhavens/git-sigil, Branch=master, Commit=e6676e6
  Diff Summary:
     .gitfield/gitlab.sigil.md | 14 +++++++-------
     1 file changed, 7 insertions(+), 7 deletions(-)
[2025-06-14T08:51:42Z] Bitbucket: https://bitbucket.org/thefoldwithin/git-sigil, Branch=master, Commit=e6676e6
  Diff Summary:
     .gitfield/bitbucket.sigil.md | 14 +++++++-------
     1 file changed, 7 insertions(+), 7 deletions(-)
[2025-06-14T08:51:55Z] GitHub: https://github.com/mrhavens/git-sigil, Branch=master, Commit=e6676e6
  Diff Summary:
     .gitfield/github.sigil.md | 16 ++++++++--------
     1 file changed, 8 insertions(+), 8 deletions(-)
[2025-06-14T08:52:07Z] Local: , Branch=master, Commit=e6676e6
  Diff Summary:
     .gitfield/local.sigil.md | 14 +++++++-------
     1 file changed, 7 insertions(+), 7 deletions(-)
[2025-06-14T09:18:15Z] Radicle: RID=rad:z3FEj7rF8gZw9eFksCuiN43qjzrex, Peer ID=z6Mkw5s3ppo26C7y7tGK5MD8n2GqTHS582PPpeX5Xqbu2Mpz, Branch=master, Commit=e6676e6
  CLI: rad inspect rad:z3FEj7rF8gZw9eFksCuiN43qjzrex # View project details
  CLI: git ls-tree -r --name-only HEAD # View file structure
  Diff Summary:
     .gitfield/push_log.json | 6 ++++++
     .gitfield/pushed.log    | 4 ++++
     2 files changed, 10 insertions(+)
[2025-06-14T09:18:22Z] Forgejo: https://remember.thefoldwithin.earth/mrhavens/git-sigil, Branch=master, Commit=e6676e6
  Diff Summary:
     .gitfield/remember.sigil.md | 14 +++++++-------
     1 file changed, 7 insertions(+), 7 deletions(-)
[2025-06-14T09:18:33Z] Codeberg: https://codeberg.org/mrhavens/git-sigil, Branch=master, Commit=e6676e6
  Diff Summary:
     .gitfield/codeberg.sigil.md | 14 +++++++-------
     1 file changed, 7 insertions(+), 7 deletions(-)
[2025-06-14T09:18:43Z] GitLab: https://gitlab.com/mrhavens/git-sigil, Branch=master, Commit=e6676e6
  Diff Summary:
     .gitfield/gitlab.sigil.md | 14 +++++++-------
     1 file changed, 7 insertions(+), 7 deletions(-)
[2025-06-14T09:18:58Z] Bitbucket: https://bitbucket.org/thefoldwithin/git-sigil, Branch=master, Commit=e6676e6
  Diff Summary:
     .gitfield/bitbucket.sigil.md | 17 +++++++++--------
     1 file changed, 9 insertions(+), 8 deletions(-)
[2025-06-14T09:19:17Z] GitHub: https://github.com/mrhavens/git-sigil, Branch=master, Commit=e6676e6
  Diff Summary:
     .gitfield/github.sigil.md | 16 ++++++++--------
     1 file changed, 8 insertions(+), 8 deletions(-)
[2025-06-14T09:39:48Z] Local: , Branch=master, Commit=694f85c
  Diff Summary:
     .gitfield/local.sigil.md | 16 ++++++++--------
     1 file changed, 8 insertions(+), 8 deletions(-)
[2025-06-14T09:40:01Z] Radicle: RID=rad:z3FEj7rF8gZw9eFksCuiN43qjzrex, Peer ID=z6Mkw5s3ppo26C7y7tGK5MD8n2GqTHS582PPpeX5Xqbu2Mpz, Branch=master, Commit=694f85c
  CLI: rad inspect rad:z3FEj7rF8gZw9eFksCuiN43qjzrex # View project details
  CLI: git ls-tree -r --name-only HEAD # View file structure
  Diff Summary:
     .gitfield/push_log.json |  6 ++++++
     .gitfield/pushed.log    |  4 ++++
     bin/gitfield-sync       | 24 +++++++++++++++++++++++-
     3 files changed, 33 insertions(+), 1 deletion(-)
[2025-06-14T09:40:10Z] Forgejo: https://remember.thefoldwithin.earth/mrhavens/git-sigil, Branch=master, Commit=694f85c
  Diff Summary:
     .gitfield/remember.sigil.md | 16 ++++++++--------
     1 file changed, 8 insertions(+), 8 deletions(-)
[2025-06-14T09:40:27Z] Codeberg: https://codeberg.org/mrhavens/git-sigil, Branch=master, Commit=694f85c
  Diff Summary:
     .gitfield/codeberg.sigil.md | 16 ++++++++--------
     1 file changed, 8 insertions(+), 8 deletions(-)
[2025-06-14T09:40:35Z] GitLab: https://gitlab.com/mrhavens/git-sigil, Branch=master, Commit=694f85c
  Diff Summary:
     .gitfield/gitlab.sigil.md | 16 ++++++++--------
     1 file changed, 8 insertions(+), 8 deletions(-)
[2025-06-14T09:40:52Z] Bitbucket: https://bitbucket.org/thefoldwithin/git-sigil, Branch=master, Commit=694f85c
  Diff Summary:
     .gitfield/bitbucket.sigil.md | 19 +++++++++----------
     1 file changed, 9 insertions(+), 10 deletions(-)
[2025-06-14T09:41:04Z] GitHub: https://github.com/mrhavens/git-sigil, Branch=master, Commit=694f85c
  Diff Summary:
     .gitfield/github.sigil.md | 16 ++++++++--------
     1 file changed, 8 insertions(+), 8 deletions(-)
[2025-06-14T09:41:18Z] Local: , Branch=master, Commit=694f85c
  Diff Summary:
     .gitfield/local.sigil.md | 16 ++++++++--------
     1 file changed, 8 insertions(+), 8 deletions(-)
[2025-06-14T09:43:19Z] Radicle: RID=rad:z3FEj7rF8gZw9eFksCuiN43qjzrex, Peer ID=z6Mkw5s3ppo26C7y7tGK5MD8n2GqTHS582PPpeX5Xqbu2Mpz, Branch=master, Commit=694f85c
  CLI: rad inspect rad:z3FEj7rF8gZw9eFksCuiN43qjzrex # View project details
  CLI: git ls-tree -r --name-only HEAD # View file structure
  Diff Summary:
     .gitfield/push_log.json | 6 ++++++
     .gitfield/pushed.log    | 4 ++++
     2 files changed, 10 insertions(+)
[2025-06-14T09:43:28Z] Forgejo: https://remember.thefoldwithin.earth/mrhavens/git-sigil, Branch=master, Commit=694f85c
  Diff Summary:
     .gitfield/remember.sigil.md | 14 +++++++-------
     1 file changed, 7 insertions(+), 7 deletions(-)
[2025-06-14T09:43:40Z] Codeberg: https://codeberg.org/mrhavens/git-sigil, Branch=master, Commit=694f85c
  Diff Summary:
     .gitfield/codeberg.sigil.md | 14 +++++++-------
     1 file changed, 7 insertions(+), 7 deletions(-)
[2025-06-14T09:43:51Z] GitLab: https://gitlab.com/mrhavens/git-sigil, Branch=master, Commit=694f85c
  Diff Summary:
     .gitfield/gitlab.sigil.md | 14 +++++++-------
     1 file changed, 7 insertions(+), 7 deletions(-)
[2025-06-14T09:44:03Z] Bitbucket: https://bitbucket.org/thefoldwithin/git-sigil, Branch=master, Commit=694f85c
  Diff Summary:
     .gitfield/bitbucket.sigil.md | 14 +++++++-------
     1 file changed, 7 insertions(+), 7 deletions(-)
[2025-06-14T09:44:12Z] GitHub: https://github.com/mrhavens/git-sigil, Branch=master, Commit=694f85c
  Diff Summary:
     .gitfield/github.sigil.md | 14 +++++++-------
     1 file changed, 7 insertions(+), 7 deletions(-)
[2025-06-14T09:44:25Z] Local: , Branch=master, Commit=694f85c
  Diff Summary:
     .gitfield/local.sigil.md | 14 +++++++-------
     1 file changed, 7 insertions(+), 7 deletions(-)
[2025-06-14T09:44:33Z] Radicle: RID=rad:z3FEj7rF8gZw9eFksCuiN43qjzrex, Peer ID=z6Mkw5s3ppo26C7y7tGK5MD8n2GqTHS582PPpeX5Xqbu2Mpz, Branch=master, Commit=694f85c
  CLI: rad inspect rad:z3FEj7rF8gZw9eFksCuiN43qjzrex # View project details
  CLI: git ls-tree -r --name-only HEAD # View file structure
  Diff Summary:
     .gitfield/push_log.json | 6 ++++++
     .gitfield/pushed.log    | 4 ++++
     2 files changed, 10 insertions(+)
[2025-06-14T09:44:41Z] Forgejo: https://remember.thefoldwithin.earth/mrhavens/git-sigil, Branch=master, Commit=694f85c
  Diff Summary:
     .gitfield/remember.sigil.md | 14 +++++++-------
     1 file changed, 7 insertions(+), 7 deletions(-)
[2025-06-14T09:44:53Z] Codeberg: https://codeberg.org/mrhavens/git-sigil, Branch=master, Commit=694f85c
  Diff Summary:
     .gitfield/codeberg.sigil.md | 14 +++++++-------
     1 file changed, 7 insertions(+), 7 deletions(-)
[2025-06-14T09:45:03Z] GitLab: https://gitlab.com/mrhavens/git-sigil, Branch=master, Commit=694f85c
  Diff Summary:
     .gitfield/gitlab.sigil.md | 14 +++++++-------
     1 file changed, 7 insertions(+), 7 deletions(-)
[2025-06-14T09:45:17Z] Bitbucket: https://bitbucket.org/thefoldwithin/git-sigil, Branch=master, Commit=694f85c
  Diff Summary:
     .gitfield/bitbucket.sigil.md | 17 +++++++++--------
     1 file changed, 9 insertions(+), 8 deletions(-)
[2025-06-14T09:45:26Z] GitHub: https://github.com/mrhavens/git-sigil, Branch=master, Commit=694f85c
  Diff Summary:
     .gitfield/github.sigil.md | 14 +++++++-------
     1 file changed, 7 insertions(+), 7 deletions(-)
[2025-06-14T09:53:19Z] Local: , Branch=master, Commit=50c55ad
  Diff Summary:
     .gitfield/local.sigil.md | 16 ++++++++--------
     1 file changed, 8 insertions(+), 8 deletions(-)
[2025-06-14T09:53:44Z] Radicle: RID=rad:z3FEj7rF8gZw9eFksCuiN43qjzrex, Peer ID=z6Mkw5s3ppo26C7y7tGK5MD8n2GqTHS582PPpeX5Xqbu2Mpz, Branch=master, Commit=50c55ad
  CLI: rad inspect rad:z3FEj7rF8gZw9eFksCuiN43qjzrex # View project details
  CLI: git ls-tree -r --name-only HEAD # View file structure
  Diff Summary:
     .gitfield/push_log.json |  6 ++++
     .gitfield/pushed.log    |  4 +++
     bin/gitfield-sync       | 84 ++++++++++++++++++++++++-------------------------
     3 files changed, 51 insertions(+), 43 deletions(-)
[2025-06-14T09:53:51Z] Forgejo: https://remember.thefoldwithin.earth/mrhavens/git-sigil, Branch=master, Commit=50c55ad
  Diff Summary:
     .gitfield/remember.sigil.md | 16 ++++++++--------
     1 file changed, 8 insertions(+), 8 deletions(-)
[2025-06-14T09:54:04Z] Codeberg: https://codeberg.org/mrhavens/git-sigil, Branch=master, Commit=50c55ad
  Diff Summary:
     .gitfield/codeberg.sigil.md | 16 ++++++++--------
     1 file changed, 8 insertions(+), 8 deletions(-)
[2025-06-14T09:54:12Z] GitLab: https://gitlab.com/mrhavens/git-sigil, Branch=master, Commit=50c55ad
  Diff Summary:
     .gitfield/gitlab.sigil.md | 16 ++++++++--------
     1 file changed, 8 insertions(+), 8 deletions(-)
[2025-06-14T09:54:26Z] Bitbucket: https://bitbucket.org/thefoldwithin/git-sigil, Branch=master, Commit=50c55ad
  Diff Summary:
     .gitfield/bitbucket.sigil.md | 19 +++++++++----------
     1 file changed, 9 insertions(+), 10 deletions(-)
[2025-06-14T09:54:35Z] GitHub: https://github.com/mrhavens/git-sigil, Branch=master, Commit=50c55ad
  Diff Summary:
     .gitfield/github.sigil.md | 16 ++++++++--------
     1 file changed, 8 insertions(+), 8 deletions(-)
[2025-06-14T09:54:49Z] Local: , Branch=master, Commit=50c55ad
  Diff Summary:
     .gitfield/local.sigil.md | 16 ++++++++--------
     1 file changed, 8 insertions(+), 8 deletions(-)
